
*** Running vivado
    with args -log top_level.vds -m64 -product Vivado -mode batch -messageDb vivado.pb -notrace -source top_level.tcl


****** Vivado v2024.1 (64-bit)
  **** SW Build 5076996 on Wed May 22 18:36:09 MDT 2024
  **** IP Build 5075265 on Wed May 22 21:45:21 MDT 2024
  **** SharedData Build 5076995 on Wed May 22 18:29:18 MDT 2024
  **** Start of session at: Sat Mar 14 21:41:21 2026
    ** Copyright 1986-2022 Xilinx, Inc. All Rights Reserved.
    ** Copyright 2022-2024 Advanced Micro Devices, Inc. All Rights Reserved.

source top_level.tcl -notrace
Command: synth_design -top top_level -part xc7a35tcpg236-1
Starting synth_design
Attempting to get a license for feature 'Synthesis' and/or device 'xc7a35t'
INFO: [Common 17-349] Got license for feature 'Synthesis' and/or device 'xc7a35t'
INFO: [Device 21-403] Loading part xc7a35tcpg236-1
INFO: [Device 21-9227] Part: xc7a35tcpg236-1 does not have CEAM library.
INFO: [Synth 8-7079] Multithreading enabled for synth_design using a maximum of 4 processes.
INFO: [Synth 8-7078] Launching helper process for spawning children vivado processes
INFO: [Synth 8-7075] Helper process launched with PID 135
---------------------------------------------------------------------------------
Starting RTL Elaboration : Time (s): cpu = 00:00:03 ; elapsed = 00:00:03 . Memory (MB): peak = 3487.078 ; gain = 412.746 ; free physical = 57194 ; free virtual = 60183
---------------------------------------------------------------------------------
INFO: [Synth 8-638] synthesizing module 'top_level' [/workspace/ov7670/rtl/top_level.vhd:29]
INFO: [Synth 8-3491] module 'clocking' declared at '/workspace/ov7670/rtl/clocking.vhd:6' bound to instance 'clk_inst' of component 'clocking' [/workspace/ov7670/rtl/top_level.vhd:149]
INFO: [Synth 8-638] synthesizing module 'clocking' [/workspace/ov7670/rtl/clocking.vhd:12]
	Parameter CLKFBOUT_MULT_F bound to: 10.000000 - type: double 
	Parameter CLKIN1_PERIOD bound to: 10.000000 - type: double 
	Parameter CLKOUT0_DIVIDE_F bound to: 20.000000 - type: double 
	Parameter CLKOUT1_DIVIDE bound to: 40 - type: integer 
INFO: [Synth 8-113] binding component instance 'MMCME2_inst' to cell 'MMCME2_BASE' [/workspace/ov7670/rtl/clocking.vhd:18]
INFO: [Synth 8-113] binding component instance 'buf50' to cell 'BUFG' [/workspace/ov7670/rtl/clocking.vhd:45]
INFO: [Synth 8-113] binding component instance 'buf25' to cell 'BUFG' [/workspace/ov7670/rtl/clocking.vhd:46]
INFO: [Synth 8-256] done synthesizing module 'clocking' (0#1) [/workspace/ov7670/rtl/clocking.vhd:12]
INFO: [Synth 8-3491] module 'VGA' declared at '/workspace/ov7670/rtl/vga.vhd:5' bound to instance 'Inst_VGA' of component 'VGA' [/workspace/ov7670/rtl/top_level.vhd:157]
INFO: [Synth 8-638] synthesizing module 'VGA' [/workspace/ov7670/rtl/vga.vhd:17]
INFO: [Synth 8-256] done synthesizing module 'VGA' (0#1) [/workspace/ov7670/rtl/vga.vhd:17]
INFO: [Synth 8-3491] module 'debounce' declared at '/workspace/ov7670/rtl/debounce.vhd:5' bound to instance 'Inst_debounce' of component 'debounce' [/workspace/ov7670/rtl/top_level.vhd:169]
INFO: [Synth 8-638] synthesizing module 'debounce' [/workspace/ov7670/rtl/debounce.vhd:11]
INFO: [Synth 8-256] done synthesizing module 'debounce' (0#1) [/workspace/ov7670/rtl/debounce.vhd:11]
INFO: [Synth 8-3491] module 'ov7670_controller' declared at '/workspace/ov7670/rtl/ov7670_controller.vhd:5' bound to instance 'Inst_ov7670_controller' of component 'ov7670_controller' [/workspace/ov7670/rtl/top_level.vhd:175]
INFO: [Synth 8-638] synthesizing module 'ov7670_controller' [/workspace/ov7670/rtl/ov7670_controller.vhd:16]
INFO: [Synth 8-3491] module 'i2c_sender' declared at '/workspace/ov7670/rtl/i2c_sender.vhd:5' bound to instance 'Inst_i2c_sender' of component 'i2c_sender' [/workspace/ov7670/rtl/ov7670_controller.vhd:53]
INFO: [Synth 8-638] synthesizing module 'i2c_sender' [/workspace/ov7670/rtl/i2c_sender.vhd:16]
INFO: [Synth 8-256] done synthesizing module 'i2c_sender' (0#1) [/workspace/ov7670/rtl/i2c_sender.vhd:16]
INFO: [Synth 8-3491] module 'OV7670_registers' declared at '/workspace/ov7670/rtl/ov7670_registers.vhd:5' bound to instance 'Inst_OV7670_registers' of component 'OV7670_registers' [/workspace/ov7670/rtl/ov7670_controller.vhd:64]
INFO: [Synth 8-638] synthesizing module 'OV7670_registers' [/workspace/ov7670/rtl/ov7670_registers.vhd:12]
INFO: [Synth 8-256] done synthesizing module 'OV7670_registers' (0#1) [/workspace/ov7670/rtl/ov7670_registers.vhd:12]
INFO: [Synth 8-256] done synthesizing module 'ov7670_controller' (0#1) [/workspace/ov7670/rtl/ov7670_controller.vhd:16]
INFO: [Synth 8-3491] module 'frame_buffer' declared at '/workspace/ov7670/rtl/frame_buffer.vhd:5' bound to instance 'Inst_frame_buffer' of component 'frame_buffer' [/workspace/ov7670/rtl/top_level.vhd:200]
INFO: [Synth 8-638] synthesizing module 'frame_buffer' [/workspace/ov7670/rtl/frame_buffer.vhd:15]
INFO: [Synth 8-256] done synthesizing module 'frame_buffer' (0#1) [/workspace/ov7670/rtl/frame_buffer.vhd:15]
INFO: [Synth 8-3491] module 'ov7670_capture' declared at '/workspace/ov7670/rtl/ov7670_capture.vhd:5' bound to instance 'Inst_ov7670_capture' of component 'ov7670_capture' [/workspace/ov7670/rtl/top_level.vhd:210]
INFO: [Synth 8-638] synthesizing module 'ov7670_capture' [/workspace/ov7670/rtl/ov7670_capture.vhd:17]
INFO: [Synth 8-256] done synthesizing module 'ov7670_capture' (0#1) [/workspace/ov7670/rtl/ov7670_capture.vhd:17]
INFO: [Synth 8-3491] module 'RGB' declared at '/workspace/ov7670/rtl/rgb.vhd:4' bound to instance 'Inst_RGB' of component 'RGB' [/workspace/ov7670/rtl/top_level.vhd:222]
INFO: [Synth 8-638] synthesizing module 'RGB' [/workspace/ov7670/rtl/rgb.vhd:12]
INFO: [Synth 8-256] done synthesizing module 'RGB' (0#1) [/workspace/ov7670/rtl/rgb.vhd:12]
INFO: [Synth 8-3491] module 'Address_Generator' declared at '/workspace/ov7670/rtl/address_generator.vhd:5' bound to instance 'Inst_Address_Generator' of component 'Address_Generator' [/workspace/ov7670/rtl/top_level.vhd:230]
INFO: [Synth 8-638] synthesizing module 'Address_Generator' [/workspace/ov7670/rtl/address_generator.vhd:14]
INFO: [Synth 8-256] done synthesizing module 'Address_Generator' (0#1) [/workspace/ov7670/rtl/address_generator.vhd:14]
INFO: [Synth 8-256] done synthesizing module 'top_level' (0#1) [/workspace/ov7670/rtl/top_level.vhd:29]
WARNING: [Synth 8-7129] Port rez_160x120 in module Address_Generator is either unconnected or has no load
WARNING: [Synth 8-7129] Port rez_320x240 in module Address_Generator is either unconnected or has no load
WARNING: [Synth 8-7129] Port rez_160x120 in module ov7670_capture is either unconnected or has no load
WARNING: [Synth 8-7129] Port rez_320x240 in module ov7670_capture is either unconnected or has no load
WARNING: [Synth 8-7129] Port rez_160x120 in module VGA is either unconnected or has no load
WARNING: [Synth 8-7129] Port rez_320x240 in module VGA is either unconnected or has no load
WARNING: [Synth 8-7129] Port btnl in module top_level is either unconnected or has no load
WARNING: [Synth 8-7129] Port btnr in module top_level is either unconnected or has no load
---------------------------------------------------------------------------------
Finished RTL Elaboration : Time (s): cpu = 00:00:05 ; elapsed = 00:00:05 . Memory (MB): peak = 3622.305 ; gain = 547.973 ; free physical = 56845 ; free virtual = 59834
---------------------------------------------------------------------------------
---------------------------------------------------------------------------------
Start Handling Custom Attributes
---------------------------------------------------------------------------------
---------------------------------------------------------------------------------
Finished Handling Custom Attributes : Time (s): cpu = 00:00:05 ; elapsed = 00:00:05 . Memory (MB): peak = 3625.453 ; gain = 551.121 ; free physical = 56845 ; free virtual = 59834
---------------------------------------------------------------------------------
---------------------------------------------------------------------------------
Finished RTL Optimization Phase 1 : Time (s): cpu = 00:00:05 ; elapsed = 00:00:05 . Memory (MB): peak = 3625.453 ; gain = 551.121 ; free physical = 56845 ; free virtual = 59834
---------------------------------------------------------------------------------
Netlist sorting complete. Time (s): cpu = 00:00:00.01 ; elapsed = 00:00:00 . Memory (MB): peak = 3629.141 ; gain = 0.059 ; free physical = 56842 ; free virtual = 59831
INFO: [Netlist 29-17] Analyzing 1 Unisim elements for replacement
INFO: [Netlist 29-28] Unisim Transformation completed in 0 CPU seconds
INFO: [Project 1-570] Preparing netlist for logic optimization

Processing XDC Constraints
Initializing timing engine
Parsing XDC File [/workspace/ov7670/Basys3.xdc]
Finished Parsing XDC File [/workspace/ov7670/Basys3.xdc]
INFO: [Project 1-236] Implementation specific constraints were found while reading constraint file [/workspace/ov7670/Basys3.xdc]. These constraints will be ignored for synthesis but will be used in implementation. Impacted constraints are listed in the file [.Xil/top_level_propImpl.xdc].
Resolution: To avoid this warning, move constraints listed in [.Xil/top_level_propImpl.xdc] to another XDC file and exclude this new file from synthesis with the used_in_synthesis property (File Properties dialog in GUI) and re-run elaboration/synthesis.
INFO: [Timing 38-2] Deriving generated clocks
Completed Processing XDC Constraints

Netlist sorting complete. Time (s): cpu = 00:00:00 ; elapsed = 00:00:00 . Memory (MB): peak = 3771.859 ; gain = 0.000 ; free physical = 56653 ; free virtual = 59642
INFO: [Project 1-111] Unisim Transformation Summary:
  A total of 1 instances were transformed.
  MMCME2_BASE => MMCME2_ADV: 1 instance 

Constraint Validation Runtime : Time (s): cpu = 00:00:00 ; elapsed = 00:00:00.01 . Memory (MB): peak = 3771.996 ; gain = 0.078 ; free physical = 56653 ; free virtual = 59642
---------------------------------------------------------------------------------
Finished Constraint Validation : Time (s): cpu = 00:00:10 ; elapsed = 00:00:10 . Memory (MB): peak = 3773.223 ; gain = 698.891 ; free physical = 56650 ; free virtual = 59641
---------------------------------------------------------------------------------
---------------------------------------------------------------------------------
Start Loading Part and Timing Information
---------------------------------------------------------------------------------
Loading part: xc7a35tcpg236-1
---------------------------------------------------------------------------------
Finished Loading Part and Timing Information : Time (s): cpu = 00:00:10 ; elapsed = 00:00:10 . Memory (MB): peak = 3781.348 ; gain = 707.016 ; free physical = 56646 ; free virtual = 59637
---------------------------------------------------------------------------------
---------------------------------------------------------------------------------
Start Applying 'set_property' XDC Constraints
---------------------------------------------------------------------------------
---------------------------------------------------------------------------------
Finished applying 'set_property' XDC Constraints : Time (s): cpu = 00:00:10 ; elapsed = 00:00:10 . Memory (MB): peak = 3781.398 ; gain = 707.066 ; free physical = 56646 ; free virtual = 59637
---------------------------------------------------------------------------------
WARNING: [Synth 8-6040] Register address_reg_rep driving address of a ROM cannot be packed in BRAM/URAM because of presence of initial value.
---------------------------------------------------------------------------------
Finished RTL Optimization Phase 2 : Time (s): cpu = 00:00:10 ; elapsed = 00:00:11 . Memory (MB): peak = 3782.789 ; gain = 708.457 ; free physical = 56631 ; free virtual = 59621
---------------------------------------------------------------------------------
---------------------------------------------------------------------------------
Start RTL Component Statistics 
---------------------------------------------------------------------------------
Detailed RTL Component Info : 
+---Adders : 
	   3 Input   18 Bit       Adders := 2     
	   2 Input   10 Bit       Adders := 4     
	   2 Input    9 Bit       Adders := 2     
	   2 Input    8 Bit       Adders := 3     
+---Registers : 
	               32 Bit    Registers := 2     
	               18 Bit    Registers := 2     
	               16 Bit    Registers := 1     
	               12 Bit    Registers := 2     
	               10 Bit    Registers := 4     
	                9 Bit    Registers := 2     
	                8 Bit    Registers := 4     
	                1 Bit    Registers := 8     
+---RAMs : 
	            1536K Bit	(131072 X 12 bit)          RAMs := 1     
+---ROMs : 
	                    ROMs := 1     
+---Muxes : 
	   2 Input   32 Bit        Muxes := 2     
	   2 Input    8 Bit        Muxes := 3     
	   2 Input    1 Bit        Muxes := 5     
---------------------------------------------------------------------------------
Finished RTL Component Statistics 
---------------------------------------------------------------------------------
---------------------------------------------------------------------------------
Start Part Resource Summary
---------------------------------------------------------------------------------
Part Resources:
DSPs: 90 (col length:60)
BRAMs: 100 (col length: RAMB18 60 RAMB36 30)
---------------------------------------------------------------------------------
Finished Part Resource Summary
---------------------------------------------------------------------------------
---------------------------------------------------------------------------------
Start Cross Boundary and Area Optimization
---------------------------------------------------------------------------------
WARNING: [Synth 8-7080] Parallel synthesis criteria is not met
WARNING: [Synth 8-6040] Register Inst_ov7670_controller/Inst_OV7670_registers/address_reg_rep_rep driving address of a ROM cannot be packed in BRAM/URAM because of presence of initial value.
WARNING: [Synth 8-3917] design top_level has port ov7670_pwdn driven by constant 0
WARNING: [Synth 8-3917] design top_level has port ov7670_reset driven by constant 1
WARNING: [Synth 8-7129] Port btnl in module top_level is either unconnected or has no load
WARNING: [Synth 8-7129] Port btnr in module top_level is either unconnected or has no load
---------------------------------------------------------------------------------
Finished Cross Boundary and Area Optimization : Time (s): cpu = 00:00:11 ; elapsed = 00:00:12 . Memory (MB): peak = 3784.445 ; gain = 710.113 ; free physical = 56641 ; free virtual = 59631
---------------------------------------------------------------------------------
---------------------------------------------------------------------------------
Start ROM, RAM, DSP, Shift Register and Retiming Reporting
---------------------------------------------------------------------------------

ROM: Preliminary Mapping Report
+------------+-------------------------------------------------------+---------------+----------------+
|Module Name | RTL Object                                            | Depth x Width | Implemented As | 
+------------+-------------------------------------------------------+---------------+----------------+
|top_level   | Inst_ov7670_controller/Inst_OV7670_registers/sreg_reg | 256x16        | Block RAM      | 
+------------+-------------------------------------------------------+---------------+----------------+


Block RAM: Preliminary Mapping Report (see note below)
+------------+---------------------------+------------------------+---+---+-------------------------+---+---+------------------+--------+--------+
|Module Name | RTL Object                | PORT A (Depth x Width) | W | R | PORT B (Depth x Width)  | W | R | Ports driving FF | RAMB18 | RAMB36 | 
+------------+---------------------------+------------------------+---+---+-------------------------+---+---+------------------+--------+--------+
|top_level   | Inst_frame_buffer/ram_reg | 128 K x 12(NO_CHANGE)  | W |   | 128 K x 12(WRITE_FIRST) |   | R | Port A and B     | 0      | 48     | 
+------------+---------------------------+------------------------+---+---+-------------------------+---+---+------------------+--------+--------+

Note: The table above is a preliminary report that shows the Block RAMs at the current stage of the synthesis flow. Some Block RAMs may be reimplemented as non Block RAM primitives later in the synthesis flow. Multiple instantiated Block RAMs are reported only once. 
---------------------------------------------------------------------------------
Finished ROM, RAM, DSP, Shift Register and Retiming Reporting
---------------------------------------------------------------------------------
---------------------------------------------------------------------------------
Start Applying XDC Timing Constraints
---------------------------------------------------------------------------------
---------------------------------------------------------------------------------
Finished Applying XDC Timing Constraints : Time (s): cpu = 00:00:16 ; elapsed = 00:00:17 . Memory (MB): peak = 3826.402 ; gain = 752.070 ; free physical = 56580 ; free virtual = 59571
---------------------------------------------------------------------------------
---------------------------------------------------------------------------------
Start Timing Optimization
---------------------------------------------------------------------------------
---------------------------------------------------------------------------------
Finished Timing Optimization : Time (s): cpu = 00:00:17 ; elapsed = 00:00:17 . Memory (MB): peak = 3826.402 ; gain = 752.070 ; free physical = 56580 ; free virtual = 59571
---------------------------------------------------------------------------------
---------------------------------------------------------------------------------
Start ROM, RAM, DSP, Shift Register and Retiming Reporting
---------------------------------------------------------------------------------

Block RAM: Final Mapping Report
+------------+---------------------------+------------------------+---+---+-------------------------+---+---+------------------+--------+--------+
|Module Name | RTL Object                | PORT A (Depth x Width) | W | R | PORT B (Depth x Width)  | W | R | Ports driving FF | RAMB18 | RAMB36 | 
+------------+---------------------------+------------------------+---+---+-------------------------+---+---+------------------+--------+--------+
|top_level   | Inst_frame_buffer/ram_reg | 128 K x 12(NO_CHANGE)  | W |   | 128 K x 12(WRITE_FIRST) |   | R | Port A and B     | 0      | 48     | 
+------------+---------------------------+------------------------+---+---+-------------------------+---+---+------------------+--------+--------+

---------------------------------------------------------------------------------
Finished ROM, RAM, DSP, Shift Register and Retiming Reporting
---------------------------------------------------------------------------------
---------------------------------------------------------------------------------
Start Technology Mapping
---------------------------------------------------------------------------------
INFO: [Synth 8-7052] The timing for the instance Inst_frame_buffer/ram_reg_1_0 (implemented as a Block RAM) might be sub-optimal as no optional output register could be merged into the ram block. Providing additional output register may help in improving timing.
INFO: [Synth 8-7052] The timing for the instance Inst_frame_buffer/ram_reg_1_1 (implemented as a Block RAM) might be sub-optimal as no optional output register could be merged into the ram block. Providing additional output register may help in improving timing.
INFO: [Synth 8-7052] The timing for the instance Inst_frame_buffer/ram_reg_1_2 (implemented as a Block RAM) might be sub-optimal as no optional output register could be merged into the ram block. Providing additional output register may help in improving timing.
INFO: [Synth 8-7052] The timing for the instance Inst_frame_buffer/ram_reg_1_3 (implemented as a Block RAM) might be sub-optimal as no optional output register could be merged into the ram block. Providing additional output register may help in improving timing.
INFO: [Synth 8-7052] The timing for the instance Inst_frame_buffer/ram_reg_1_4 (implemented as a Block RAM) might be sub-optimal as no optional output register could be merged into the ram block. Providing additional output register may help in improving timing.
INFO: [Synth 8-7052] The timing for the instance Inst_frame_buffer/ram_reg_1_5 (implemented as a Block RAM) might be sub-optimal as no optional output register could be merged into the ram block. Providing additional output register may help in improving timing.
INFO: [Synth 8-7052] The timing for the instance Inst_frame_buffer/ram_reg_1_6 (implemented as a Block RAM) might be sub-optimal as no optional output register could be merged into the ram block. Providing additional output register may help in improving timing.
INFO: [Synth 8-7052] The timing for the instance Inst_frame_buffer/ram_reg_1_7 (implemented as a Block RAM) might be sub-optimal as no optional output register could be merged into the ram block. Providing additional output register may help in improving timing.
INFO: [Synth 8-7052] The timing for the instance Inst_frame_buffer/ram_reg_1_8 (implemented as a Block RAM) might be sub-optimal as no optional output register could be merged into the ram block. Providing additional output register may help in improving timing.
INFO: [Synth 8-7052] The timing for the instance Inst_frame_buffer/ram_reg_1_9 (implemented as a Block RAM) might be sub-optimal as no optional output register could be merged into the ram block. Providing additional output register may help in improving timing.
INFO: [Synth 8-7052] The timing for the instance Inst_frame_buffer/ram_reg_1_10 (implemented as a Block RAM) might be sub-optimal as no optional output register could be merged into the ram block. Providing additional output register may help in improving timing.
INFO: [Synth 8-7052] The timing for the instance Inst_frame_buffer/ram_reg_1_11 (implemented as a Block RAM) might be sub-optimal as no optional output register could be merged into the ram block. Providing additional output register may help in improving timing.
INFO: [Synth 8-7052] The timing for the instance Inst_frame_buffer/ram_reg_3_0 (implemented as a Block RAM) might be sub-optimal as no optional output register could be merged into the ram block. Providing additional output register may help in improving timing.
INFO: [Synth 8-7052] The timing for the instance Inst_frame_buffer/ram_reg_3_1 (implemented as a Block RAM) might be sub-optimal as no optional output register could be merged into the ram block. Providing additional output register may help in improving timing.
INFO: [Synth 8-7052] The timing for the instance Inst_frame_buffer/ram_reg_3_2 (implemented as a Block RAM) might be sub-optimal as no optional output register could be merged into the ram block. Providing additional output register may help in improving timing.
INFO: [Synth 8-7052] The timing for the instance Inst_frame_buffer/ram_reg_3_3 (implemented as a Block RAM) might be sub-optimal as no optional output register could be merged into the ram block. Providing additional output register may help in improving timing.
INFO: [Synth 8-7052] The timing for the instance Inst_frame_buffer/ram_reg_3_4 (implemented as a Block RAM) might be sub-optimal as no optional output register could be merged into the ram block. Providing additional output register may help in improving timing.
INFO: [Synth 8-7052] The timing for the instance Inst_frame_buffer/ram_reg_3_5 (implemented as a Block RAM) might be sub-optimal as no optional output register could be merged into the ram block. Providing additional output register may help in improving timing.
INFO: [Synth 8-7052] The timing for the instance Inst_frame_buffer/ram_reg_3_6 (implemented as a Block RAM) might be sub-optimal as no optional output register could be merged into the ram block. Providing additional output register may help in improving timing.
INFO: [Synth 8-7052] The timing for the instance Inst_frame_buffer/ram_reg_3_7 (implemented as a Block RAM) might be sub-optimal as no optional output register could be merged into the ram block. Providing additional output register may help in improving timing.
INFO: [Synth 8-7052] The timing for the instance Inst_frame_buffer/ram_reg_3_8 (implemented as a Block RAM) might be sub-optimal as no optional output register could be merged into the ram block. Providing additional output register may help in improving timing.
INFO: [Synth 8-7052] The timing for the instance Inst_frame_buffer/ram_reg_3_9 (implemented as a Block RAM) might be sub-optimal as no optional output register could be merged into the ram block. Providing additional output register may help in improving timing.
INFO: [Synth 8-7052] The timing for the instance Inst_frame_buffer/ram_reg_3_10 (implemented as a Block RAM) might be sub-optimal as no optional output register could be merged into the ram block. Providing additional output register may help in improving timing.
INFO: [Synth 8-7052] The timing for the instance Inst_frame_buffer/ram_reg_3_11 (implemented as a Block RAM) might be sub-optimal as no optional output register could be merged into the ram block. Providing additional output register may help in improving timing.
INFO: [Synth 8-7052] The timing for the instance Inst_ov7670_controller/Inst_OV7670_registers/sreg_reg (implemented as a Block RAM) might be sub-optimal as no optional output register could be merged into the ram block. Providing additional output register may help in improving timing.
---------------------------------------------------------------------------------
Finished Technology Mapping : Time (s): cpu = 00:00:17 ; elapsed = 00:00:18 . Memory (MB): peak = 3826.402 ; gain = 752.070 ; free physical = 56580 ; free virtual = 59571
---------------------------------------------------------------------------------
---------------------------------------------------------------------------------
Start IO Insertion
---------------------------------------------------------------------------------
---------------------------------------------------------------------------------
Start Flattening Before IO Insertion
---------------------------------------------------------------------------------
---------------------------------------------------------------------------------
Finished Flattening Before IO Insertion
---------------------------------------------------------------------------------
---------------------------------------------------------------------------------
Start Final Netlist Cleanup
---------------------------------------------------------------------------------
---------------------------------------------------------------------------------
Finished Final Netlist Cleanup
---------------------------------------------------------------------------------
---------------------------------------------------------------------------------
Finished IO Insertion : Time (s): cpu = 00:00:19 ; elapsed = 00:00:20 . Memory (MB): peak = 3826.402 ; gain = 752.070 ; free physical = 56577 ; free virtual = 59568
---------------------------------------------------------------------------------
---------------------------------------------------------------------------------
Start Renaming Generated Instances
---------------------------------------------------------------------------------
---------------------------------------------------------------------------------
Finished Renaming Generated Instances : Time (s): cpu = 00:00:19 ; elapsed = 00:00:20 . Memory (MB): peak = 3826.402 ; gain = 752.070 ; free physical = 56577 ; free virtual = 59568
---------------------------------------------------------------------------------
---------------------------------------------------------------------------------
Start Rebuilding User Hierarchy
---------------------------------------------------------------------------------
---------------------------------------------------------------------------------
Finished Rebuilding User Hierarchy : Time (s): cpu = 00:00:19 ; elapsed = 00:00:20 . Memory (MB): peak = 3826.402 ; gain = 752.070 ; free physical = 56577 ; free virtual = 59568
---------------------------------------------------------------------------------
---------------------------------------------------------------------------------
Start Renaming Generated Ports
---------------------------------------------------------------------------------
---------------------------------------------------------------------------------
Finished Renaming Generated Ports : Time (s): cpu = 00:00:19 ; elapsed = 00:00:20 . Memory (MB): peak = 3826.402 ; gain = 752.070 ; free physical = 56577 ; free virtual = 59568
---------------------------------------------------------------------------------
---------------------------------------------------------------------------------
Start Handling Custom Attributes
---------------------------------------------------------------------------------
---------------------------------------------------------------------------------
Finished Handling Custom Attributes : Time (s): cpu = 00:00:19 ; elapsed = 00:00:20 . Memory (MB): peak = 3826.402 ; gain = 752.070 ; free physical = 56577 ; free virtual = 59568
---------------------------------------------------------------------------------
---------------------------------------------------------------------------------
Start Renaming Generated Nets
---------------------------------------------------------------------------------
---------------------------------------------------------------------------------
Finished Renaming Generated Nets : Time (s): cpu = 00:00:19 ; elapsed = 00:00:20 . Memory (MB): peak = 3826.402 ; gain = 752.070 ; free physical = 56577 ; free virtual = 59568
---------------------------------------------------------------------------------
---------------------------------------------------------------------------------
Start Writing Synthesis Report
---------------------------------------------------------------------------------

Report BlackBoxes: 
+-+--------------+----------+
| |BlackBox name |Instances |
+-+--------------+----------+
+-+--------------+----------+

Report Cell Usage: 
+------+------------+------+
|      |Cell        |Count |
+------+------------+------+
|1     |BUFG        |     3|
|2     |CARRY4      |    12|
|3     |LUT1        |    15|
|4     |LUT2        |    78|
|5     |LUT3        |    37|
|6     |LUT4        |    42|
|7     |LUT5        |    35|
|8     |LUT6        |    26|
|9     |MMCME2_BASE |     1|
|10    |RAMB18E1    |     1|
|11    |RAMB36E1    |    48|
|13    |FDRE        |   219|
|14    |FDSE        |    36|
|15    |IBUF        |    13|
|16    |OBUF        |    19|
|17    |OBUFT       |     1|
+------+------------+------+
---------------------------------------------------------------------------------
Finished Writing Synthesis Report : Time (s): cpu = 00:00:19 ; elapsed = 00:00:20 . Memory (MB): peak = 3826.402 ; gain = 752.070 ; free physical = 56577 ; free virtual = 59568
---------------------------------------------------------------------------------
Synthesis finished with 0 errors, 0 critical warnings and 7 warnings.
Synthesis Optimization Runtime : Time (s): cpu = 00:00:17 ; elapsed = 00:00:18 . Memory (MB): peak = 3826.402 ; gain = 605.086 ; free physical = 56577 ; free virtual = 59568
Synthesis Optimization Complete : Time (s): cpu = 00:00:19 ; elapsed = 00:00:20 . Memory (MB): peak = 3826.402 ; gain = 752.070 ; free physical = 56577 ; free virtual = 59568
INFO: [Project 1-571] Translating synthesized netlist
Netlist sorting complete. Time (s): cpu = 00:00:00 ; elapsed = 00:00:00.01 . Memory (MB): peak = 3826.402 ; gain = 0.000 ; free physical = 56670 ; free virtual = 59660
INFO: [Netlist 29-17] Analyzing 62 Unisim elements for replacement
INFO: [Netlist 29-28] Unisim Transformation completed in 0 CPU seconds
INFO: [Project 1-570] Preparing netlist for logic optimization
INFO: [Opt 31-138] Pushed 0 inverter(s) to 0 load pin(s).
Netlist sorting complete. Time (s): cpu = 00:00:00 ; elapsed = 00:00:00 . Memory (MB): peak = 3826.402 ; gain = 0.000 ; free physical = 56670 ; free virtual = 59660
INFO: [Project 1-111] Unisim Transformation Summary:
  A total of 1 instances were transformed.
  MMCME2_BASE => MMCME2_ADV: 1 instance 

Synth Design complete | Checksum: 66e187e7
INFO: [Common 17-83] Releasing license: Synthesis
79 Infos, 15 Warnings, 0 Critical Warnings and 0 Errors encountered.
synth_design completed successfully
synth_design: Time (s): cpu = 00:00:29 ; elapsed = 00:00:25 . Memory (MB): peak = 3826.402 ; gain = 1126.242 ; free physical = 56670 ; free virtual = 59660
INFO: [Common 17-2834] synth_design peak Physical Memory [PSS] (MB): overall = 2438.356; main = 1928.551; forked = 589.755
INFO: [Common 17-2834] synth_design peak Virtual Memory [VSS] (MB): overall = 8353.164; main = 3817.648; forked = 4571.770
Write ShapeDB Complete: Time (s): cpu = 00:00:00.03 ; elapsed = 00:00:00.03 . Memory (MB): peak = 3843.090 ; gain = 0.402 ; free physical = 56670 ; free virtual = 59660
INFO: [Common 17-1381] The checkpoint '/workspace/ov7670/ov7670_cam/ov7670_cam.runs/synth_1/top_level.dcp' has been generated.
INFO: [Vivado 12-24828] Executing command : report_utilization -file top_level_utilization_synth.rpt -pb top_level_utilization_synth.pb
INFO: [Common 17-206] Exiting Vivado at Sat Mar 14 21:41:53 2026...
