
*** Running vivado
    with args -log top.vdi -applog -m64 -product Vivado -messageDb vivado.pb -mode batch -source top.tcl -notrace


****** Vivado v2024.1 (64-bit)
  **** SW Build 5076996 on Wed May 22 18:36:09 MDT 2024
  **** IP Build 5075265 on Wed May 22 21:45:21 MDT 2024
  **** SharedData Build 5076995 on Wed May 22 18:29:18 MDT 2024
  **** Start of session at: Wed Mar  4 19:57:22 2026
    ** Copyright 1986-2022 Xilinx, Inc. All Rights Reserved.
    ** Copyright 2022-2024 Advanced Micro Devices, Inc. All Rights Reserved.

source top.tcl -notrace
Command: link_design -top top -part xc7a35tcpg236-1
Design is defaulting to srcset: sources_1
Design is defaulting to constrset: constrs_1
INFO: [Device 21-403] Loading part xc7a35tcpg236-1
INFO: [Device 21-9227] Part: xc7a35tcpg236-1 does not have CEAM library.
Netlist sorting complete. Time (s): cpu = 00:00:00 ; elapsed = 00:00:00 . Memory (MB): peak = 2196.547 ; gain = 0.051 ; free physical = 1478 ; free virtual = 4206
INFO: [Netlist 29-17] Analyzing 10 Unisim elements for replacement
INFO: [Netlist 29-28] Unisim Transformation completed in 0 CPU seconds
INFO: [Project 1-479] Netlist was created with Vivado 2024.1
INFO: [Project 1-570] Preparing netlist for logic optimization
Parsing XDC File [/workspace/matmul_10x10/Basys3.xdc]
Finished Parsing XDC File [/workspace/matmul_10x10/Basys3.xdc]
INFO: [Opt 31-138] Pushed 0 inverter(s) to 0 load pin(s).
Netlist sorting complete. Time (s): cpu = 00:00:00 ; elapsed = 00:00:00 . Memory (MB): peak = 2431.020 ; gain = 0.000 ; free physical = 1352 ; free virtual = 4081
INFO: [Project 1-111] Unisim Transformation Summary:
  A total of 4 instances were transformed.
  RAM32X1D => RAM32X1D (RAMD32(x2)): 2 instances
  RAM64X1D => RAM64X1D (RAMD64E(x2)): 2 instances

8 Infos, 0 Warnings, 0 Critical Warnings and 0 Errors encountered.
link_design completed successfully
link_design: Time (s): cpu = 00:00:05 ; elapsed = 00:00:05 . Memory (MB): peak = 2431.113 ; gain = 611.043 ; free physical = 1352 ; free virtual = 4081
Command: opt_design
Attempting to get a license for feature 'Implementation' and/or device 'xc7a35t'
INFO: [Common 17-349] Got license for feature 'Implementation' and/or device 'xc7a35t'
Running DRC as a precondition to command opt_design

Starting DRC Task
INFO: [DRC 23-27] Running DRC with 8 threads
INFO: [Project 1-461] DRC finished with 0 Errors
INFO: [Project 1-462] Please refer to the DRC report (report_drc) for more information.

Time (s): cpu = 00:00:00.79 ; elapsed = 00:00:00.48 . Memory (MB): peak = 2513.242 ; gain = 82.039 ; free physical = 1332 ; free virtual = 4060

Starting Cache Timing Information Task
INFO: [Timing 38-35] Done setting XDC timing constraints.
Ending Cache Timing Information Task | Checksum: 1ea3b4e72

Time (s): cpu = 00:00:05 ; elapsed = 00:00:06 . Memory (MB): peak = 3051.441 ; gain = 538.199 ; free physical = 878 ; free virtual = 3607

Starting Logic Optimization Task

Phase 1 Initialization

Phase 1.1 Core Generation And Design Setup
Phase 1.1 Core Generation And Design Setup | Checksum: 1ea3b4e72

Time (s): cpu = 00:00:00 ; elapsed = 00:00:00 . Memory (MB): peak = 3268.898 ; gain = 0.000 ; free physical = 578 ; free virtual = 3306

Phase 1.2 Setup Constraints And Sort Netlist
Phase 1.2 Setup Constraints And Sort Netlist | Checksum: 1ea3b4e72

Time (s): cpu = 00:00:00 ; elapsed = 00:00:00.01 . Memory (MB): peak = 3268.898 ; gain = 0.000 ; free physical = 578 ; free virtual = 3306
Phase 1 Initialization | Checksum: 1ea3b4e72

Time (s): cpu = 00:00:00 ; elapsed = 00:00:00.01 . Memory (MB): peak = 3268.898 ; gain = 0.000 ; free physical = 578 ; free virtual = 3306

Phase 2 Timer Update And Timing Data Collection

Phase 2.1 Timer Update
Phase 2.1 Timer Update | Checksum: 1ea3b4e72

Time (s): cpu = 00:00:00.05 ; elapsed = 00:00:00.07 . Memory (MB): peak = 3269.188 ; gain = 0.289 ; free physical = 578 ; free virtual = 3306

Phase 2.2 Timing Data Collection
Phase 2.2 Timing Data Collection | Checksum: 1ea3b4e72

Time (s): cpu = 00:00:00.05 ; elapsed = 00:00:00.07 . Memory (MB): peak = 3269.234 ; gain = 0.336 ; free physical = 578 ; free virtual = 3306
Phase 2 Timer Update And Timing Data Collection | Checksum: 1ea3b4e72

Time (s): cpu = 00:00:00.05 ; elapsed = 00:00:00.08 . Memory (MB): peak = 3269.234 ; gain = 0.336 ; free physical = 578 ; free virtual = 3306

Phase 3 Retarget
INFO: [Opt 31-1834] Total Chains To Be Transformed Were: 0 AND Number of Transformed insts Created are: 0
INFO: [Opt 31-138] Pushed 0 inverter(s) to 0 load pin(s).
INFO: [Opt 31-49] Retargeted 0 cell(s).
Phase 3 Retarget | Checksum: 1ea3b4e72

Time (s): cpu = 00:00:00.06 ; elapsed = 00:00:00.09 . Memory (MB): peak = 3269.375 ; gain = 0.477 ; free physical = 578 ; free virtual = 3306
Retarget | Checksum: 1ea3b4e72
INFO: [Opt 31-389] Phase Retarget created 0 cells and removed 0 cells

Phase 4 Constant propagation
INFO: [Opt 31-138] Pushed 0 inverter(s) to 0 load pin(s).
Phase 4 Constant propagation | Checksum: 1b8fbe2ea

Time (s): cpu = 00:00:00.07 ; elapsed = 00:00:00.09 . Memory (MB): peak = 3269.500 ; gain = 0.602 ; free physical = 578 ; free virtual = 3307
Constant propagation | Checksum: 1b8fbe2ea
INFO: [Opt 31-389] Phase Constant propagation created 0 cells and removed 0 cells

Phase 5 Sweep
Phase 5 Sweep | Checksum: 2021f6462

Time (s): cpu = 00:00:00.08 ; elapsed = 00:00:00.1 . Memory (MB): peak = 3269.637 ; gain = 0.738 ; free physical = 578 ; free virtual = 3307
Sweep | Checksum: 2021f6462
INFO: [Opt 31-389] Phase Sweep created 0 cells and removed 0 cells

Phase 6 BUFG optimization
Phase 6 BUFG optimization | Checksum: 2021f6462

Time (s): cpu = 00:00:00.09 ; elapsed = 00:00:00.12 . Memory (MB): peak = 3269.855 ; gain = 0.957 ; free physical = 578 ; free virtual = 3307
BUFG optimization | Checksum: 2021f6462
INFO: [Opt 31-662] Phase BUFG optimization created 0 cells of which 0 are BUFGs and removed 0 cells.

Phase 7 Shift Register Optimization
INFO: [Opt 31-1064] SRL Remap converted 0 SRLs to 0 registers and converted 0 registers of register chains to 0 SRLs
Phase 7 Shift Register Optimization | Checksum: 2021f6462

Time (s): cpu = 00:00:00.1 ; elapsed = 00:00:00.13 . Memory (MB): peak = 3269.855 ; gain = 0.957 ; free physical = 578 ; free virtual = 3307
Shift Register Optimization | Checksum: 2021f6462
INFO: [Opt 31-389] Phase Shift Register Optimization created 0 cells and removed 0 cells

Phase 8 Post Processing Netlist
Phase 8 Post Processing Netlist | Checksum: 2021f6462

Time (s): cpu = 00:00:00.1 ; elapsed = 00:00:00.13 . Memory (MB): peak = 3269.855 ; gain = 0.957 ; free physical = 578 ; free virtual = 3307
Post Processing Netlist | Checksum: 2021f6462
INFO: [Opt 31-389] Phase Post Processing Netlist created 0 cells and removed 0 cells

Phase 9 Finalization

Phase 9.1 Finalizing Design Cores and Updating Shapes
Phase 9.1 Finalizing Design Cores and Updating Shapes | Checksum: 201d487c2

Time (s): cpu = 00:00:00.1 ; elapsed = 00:00:00.13 . Memory (MB): peak = 3269.855 ; gain = 0.957 ; free physical = 578 ; free virtual = 3307

Phase 9.2 Verifying Netlist Connectivity

Starting Connectivity Check Task

Time (s): cpu = 00:00:00 ; elapsed = 00:00:00 . Memory (MB): peak = 3269.855 ; gain = 0.000 ; free physical = 578 ; free virtual = 3307
Phase 9.2 Verifying Netlist Connectivity | Checksum: 201d487c2

Time (s): cpu = 00:00:00.1 ; elapsed = 00:00:00.13 . Memory (MB): peak = 3269.855 ; gain = 0.957 ; free physical = 578 ; free virtual = 3307
Phase 9 Finalization | Checksum: 201d487c2

Time (s): cpu = 00:00:00.1 ; elapsed = 00:00:00.13 . Memory (MB): peak = 3269.855 ; gain = 0.957 ; free physical = 578 ; free virtual = 3307
Opt_design Change Summary
=========================


-------------------------------------------------------------------------------------------------------------------------
|  Phase                        |  #Cells created  |  #Cells Removed  |  #Constrained objects preventing optimizations  |
-------------------------------------------------------------------------------------------------------------------------
|  Retarget                     |               0  |               0  |                                              0  |
|  Constant propagation         |               0  |               0  |                                              0  |
|  Sweep                        |               0  |               0  |                                              0  |
|  BUFG optimization            |               0  |               0  |                                              0  |
|  Shift Register Optimization  |               0  |               0  |                                              0  |
|  Post Processing Netlist      |               0  |               0  |                                              0  |
-------------------------------------------------------------------------------------------------------------------------


Ending Logic Optimization Task | Checksum: 201d487c2

Time (s): cpu = 00:00:00.1 ; elapsed = 00:00:00.14 . Memory (MB): peak = 3269.855 ; gain = 0.957 ; free physical = 578 ; free virtual = 3307

Starting Power Optimization Task
INFO: [Pwropt 34-132] Skipping clock gating for clocks with a period < 2.00 ns.
Ending Power Optimization Task | Checksum: 201d487c2

Time (s): cpu = 00:00:00 ; elapsed = 00:00:00.01 . Memory (MB): peak = 3269.855 ; gain = 0.000 ; free physical = 578 ; free virtual = 3307

Starting Final Cleanup Task
Ending Final Cleanup Task | Checksum: 201d487c2

Time (s): cpu = 00:00:00 ; elapsed = 00:00:00 . Memory (MB): peak = 3269.855 ; gain = 0.000 ; free physical = 578 ; free virtual = 3307

Starting Netlist Obfuscation Task
Netlist sorting complete. Time (s): cpu = 00:00:00 ; elapsed = 00:00:00 . Memory (MB): peak = 3269.855 ; gain = 0.000 ; free physical = 578 ; free virtual = 3307
Ending Netlist Obfuscation Task | Checksum: 201d487c2

Time (s): cpu = 00:00:00 ; elapsed = 00:00:00 . Memory (MB): peak = 3269.855 ; gain = 0.000 ; free physical = 578 ; free virtual = 3307
INFO: [Common 17-83] Releasing license: Implementation
26 Infos, 0 Warnings, 0 Critical Warnings and 0 Errors encountered.
opt_design completed successfully
opt_design: Time (s): cpu = 00:00:08 ; elapsed = 00:00:08 . Memory (MB): peak = 3269.855 ; gain = 838.727 ; free physical = 578 ; free virtual = 3307
INFO: [Vivado 12-24828] Executing command : report_drc -file top_drc_opted.rpt -pb top_drc_opted.pb -rpx top_drc_opted.rpx
Command: report_drc -file top_drc_opted.rpt -pb top_drc_opted.pb -rpx top_drc_opted.rpx
INFO: [IP_Flow 19-234] Refreshing IP repositories
INFO: [IP_Flow 19-1704] No user IP repositories specified
INFO: [IP_Flow 19-2313] Loaded Vivado IP repository '/opt/Xilinx/Vivado/2024.1/data/ip'.
INFO: [DRC 23-27] Running DRC with 8 threads
INFO: [Vivado_Tcl 2-168] The results of DRC are in file /workspace/matmul_10x10/matmul_10x10/matmul_10x10.runs/impl_1/top_drc_opted.rpt.
report_drc completed successfully
INFO: [Timing 38-480] Writing timing data to binary archive.
Wrote PlaceDB: Time (s): cpu = 00:00:00.03 ; elapsed = 00:00:00.02 . Memory (MB): peak = 3359.918 ; gain = 0.000 ; free physical = 540 ; free virtual = 3269
Write ShapeDB Complete: Time (s): cpu = 00:00:00.07 ; elapsed = 00:00:00.06 . Memory (MB): peak = 3359.918 ; gain = 0.000 ; free physical = 540 ; free virtual = 3269
Wrote PulsedLatchDB: Time (s): cpu = 00:00:00 ; elapsed = 00:00:00 . Memory (MB): peak = 3359.918 ; gain = 0.000 ; free physical = 540 ; free virtual = 3269
Writing XDEF routing.
Writing XDEF routing logical nets.
Writing XDEF routing special nets.
Wrote RouteStorage: Time (s): cpu = 00:00:00.03 ; elapsed = 00:00:00.02 . Memory (MB): peak = 3359.918 ; gain = 0.000 ; free physical = 539 ; free virtual = 3268
Wrote Netlist Cache: Time (s): cpu = 00:00:00 ; elapsed = 00:00:00 . Memory (MB): peak = 3359.918 ; gain = 0.000 ; free physical = 539 ; free virtual = 3268
Wrote Device Cache: Time (s): cpu = 00:00:00.01 ; elapsed = 00:00:00 . Memory (MB): peak = 3359.918 ; gain = 0.000 ; free physical = 539 ; free virtual = 3267
Write Physdb Complete: Time (s): cpu = 00:00:00.1 ; elapsed = 00:00:00.08 . Memory (MB): peak = 3359.918 ; gain = 0.000 ; free physical = 539 ; free virtual = 3267
INFO: [Common 17-1381] The checkpoint '/workspace/matmul_10x10/matmul_10x10/matmul_10x10.runs/impl_1/top_opt.dcp' has been generated.
Command: place_design
Attempting to get a license for feature 'Implementation' and/or device 'xc7a35t'
INFO: [Common 17-349] Got license for feature 'Implementation' and/or device 'xc7a35t'
INFO: [Common 17-83] Releasing license: Implementation
INFO: [DRC 23-27] Running DRC with 8 threads
INFO: [Vivado_Tcl 4-198] DRC finished with 0 Errors
INFO: [Vivado_Tcl 4-199] Please refer to the DRC report (report_drc) for more information.
Running DRC as a precondition to command place_design
INFO: [DRC 23-27] Running DRC with 8 threads
INFO: [Vivado_Tcl 4-198] DRC finished with 0 Errors
INFO: [Vivado_Tcl 4-199] Please refer to the DRC report (report_drc) for more information.
INFO: [Place 30-611] Multithreading enabled for place_design using a maximum of 8 CPUs

Starting Placer Task

Phase 1 Placer Initialization

Phase 1.1 Placer Initialization Netlist Sorting
Netlist sorting complete. Time (s): cpu = 00:00:00 ; elapsed = 00:00:00 . Memory (MB): peak = 3359.918 ; gain = 0.000 ; free physical = 540 ; free virtual = 3268
Phase 1.1 Placer Initialization Netlist Sorting | Checksum: 1dba16fdb

Time (s): cpu = 00:00:00 ; elapsed = 00:00:00 . Memory (MB): peak = 3359.918 ; gain = 0.000 ; free physical = 540 ; free virtual = 3268
Netlist sorting complete. Time (s): cpu = 00:00:00 ; elapsed = 00:00:00 . Memory (MB): peak = 3359.918 ; gain = 0.000 ; free physical = 540 ; free virtual = 3268

Phase 1.2 IO Placement/ Clock Placement/ Build Placer Device
INFO: [Timing 38-35] Done setting XDC timing constraints.
Phase 1.2 IO Placement/ Clock Placement/ Build Placer Device | Checksum: 13391f2cf

Time (s): cpu = 00:00:00.22 ; elapsed = 00:00:00.12 . Memory (MB): peak = 3359.918 ; gain = 0.000 ; free physical = 530 ; free virtual = 3259

Phase 1.3 Build Placer Netlist Model
Phase 1.3 Build Placer Netlist Model | Checksum: 14f714cba

Time (s): cpu = 00:00:00.37 ; elapsed = 00:00:00.3 . Memory (MB): peak = 3359.918 ; gain = 0.000 ; free physical = 530 ; free virtual = 3259

Phase 1.4 Constrain Clocks/Macros
Phase 1.4 Constrain Clocks/Macros | Checksum: 14f714cba

Time (s): cpu = 00:00:00.37 ; elapsed = 00:00:00.3 . Memory (MB): peak = 3359.918 ; gain = 0.000 ; free physical = 530 ; free virtual = 3259
Phase 1 Placer Initialization | Checksum: 14f714cba

Time (s): cpu = 00:00:00.38 ; elapsed = 00:00:00.31 . Memory (MB): peak = 3359.918 ; gain = 0.000 ; free physical = 530 ; free virtual = 3258

Phase 2 Global Placement

Phase 2.1 Floorplanning
Phase 2.1 Floorplanning | Checksum: 1c2e48c28

Time (s): cpu = 00:00:00.44 ; elapsed = 00:00:00.36 . Memory (MB): peak = 3359.918 ; gain = 0.000 ; free physical = 548 ; free virtual = 3277

Phase 2.2 Update Timing before SLR Path Opt
Phase 2.2 Update Timing before SLR Path Opt | Checksum: 1521ef3eb

Time (s): cpu = 00:00:00.44 ; elapsed = 00:00:00.38 . Memory (MB): peak = 3359.918 ; gain = 0.000 ; free physical = 571 ; free virtual = 3300

Phase 2.3 Post-Processing in Floorplanning
Phase 2.3 Post-Processing in Floorplanning | Checksum: 1521ef3eb

Time (s): cpu = 00:00:00.45 ; elapsed = 00:00:00.38 . Memory (MB): peak = 3359.918 ; gain = 0.000 ; free physical = 571 ; free virtual = 3300

Phase 2.4 Global Placement Core

Phase 2.4.1 UpdateTiming Before Physical Synthesis
Phase 2.4.1 UpdateTiming Before Physical Synthesis | Checksum: 14819cc4e

Time (s): cpu = 00:00:00.71 ; elapsed = 00:00:00.61 . Memory (MB): peak = 3359.918 ; gain = 0.000 ; free physical = 585 ; free virtual = 3313

Phase 2.4.2 Physical Synthesis In Placer
INFO: [Physopt 32-1035] Found 0 LUTNM shape to break, 6 LUT instances to create LUTNM shape
INFO: [Physopt 32-1044] Break lutnm for timing: one critical 0, two critical 0, total 0, new lutff created 0
INFO: [Physopt 32-1138] End 1 Pass. Optimized 2 nets or LUTs. Breaked 0 LUT, combined 2 existing LUTs and moved 0 existing LUT
INFO: [Physopt 32-65] No nets found for high-fanout optimization.
INFO: [Physopt 32-232] Optimized 0 net. Created 0 new instance.
INFO: [Physopt 32-775] End 1 Pass. Optimized 0 net or cell. Created 0 new cell, deleted 0 existing cell and moved 0 existing cell
INFO: [Physopt 32-670] No setup violation found.  DSP Register Optimization was not performed.
INFO: [Physopt 32-670] No setup violation found.  Shift Register to Pipeline Optimization was not performed.
INFO: [Physopt 32-670] No setup violation found.  Shift Register Optimization was not performed.
INFO: [Physopt 32-670] No setup violation found.  BRAM Register Optimization was not performed.
INFO: [Physopt 32-670] No setup violation found.  URAM Register Optimization was not performed.
INFO: [Physopt 32-949] No candidate nets found for dynamic/static region interface net replication
INFO: [Physopt 32-775] End 1 Pass. Optimized 0 net or cell. Created 0 new cell, deleted 0 existing cell and moved 0 existing cell
Netlist sorting complete. Time (s): cpu = 00:00:00 ; elapsed = 00:00:00 . Memory (MB): peak = 3359.918 ; gain = 0.000 ; free physical = 586 ; free virtual = 3314

Summary of Physical Synthesis Optimizations
============================================


-----------------------------------------------------------------------------------------------------------------------------------------------------------
|  Optimization                                     |  Added Cells  |  Removed Cells  |  Optimized Cells/Nets  |  Dont Touch  |  Iterations  |  Elapsed   |
-----------------------------------------------------------------------------------------------------------------------------------------------------------
|  LUT Combining                                    |            0  |              2  |                     2  |           0  |           1  |  00:00:00  |
|  Retime                                           |            0  |              0  |                     0  |           0  |           1  |  00:00:00  |
|  Very High Fanout                                 |            0  |              0  |                     0  |           0  |           1  |  00:00:00  |
|  DSP Register                                     |            0  |              0  |                     0  |           0  |           0  |  00:00:00  |
|  Shift Register to Pipeline                       |            0  |              0  |                     0  |           0  |           0  |  00:00:00  |
|  Shift Register                                   |            0  |              0  |                     0  |           0  |           0  |  00:00:00  |
|  BRAM Register                                    |            0  |              0  |                     0  |           0  |           0  |  00:00:00  |
|  URAM Register                                    |            0  |              0  |                     0  |           0  |           0  |  00:00:00  |
|  Dynamic/Static Region Interface Net Replication  |            0  |              0  |                     0  |           0  |           1  |  00:00:00  |
|  Total                                            |            0  |              2  |                     2  |           0  |           4  |  00:00:00  |
-----------------------------------------------------------------------------------------------------------------------------------------------------------


Phase 2.4.2 Physical Synthesis In Placer | Checksum: 2aee2efba

Time (s): cpu = 00:00:00.91 ; elapsed = 00:00:00.84 . Memory (MB): peak = 3359.918 ; gain = 0.000 ; free physical = 585 ; free virtual = 3313
Phase 2.4 Global Placement Core | Checksum: 1c4574261

Time (s): cpu = 00:00:00.99 ; elapsed = 00:00:00.9 . Memory (MB): peak = 3359.918 ; gain = 0.000 ; free physical = 584 ; free virtual = 3312
Phase 2 Global Placement | Checksum: 1c4574261

Time (s): cpu = 00:00:00.99 ; elapsed = 00:00:00.9 . Memory (MB): peak = 3359.918 ; gain = 0.000 ; free physical = 584 ; free virtual = 3312

Phase 3 Detail Placement

Phase 3.1 Commit Multi Column Macros
Phase 3.1 Commit Multi Column Macros | Checksum: 1e18ae33d

Time (s): cpu = 00:00:01 ; elapsed = 00:00:00.91 . Memory (MB): peak = 3359.918 ; gain = 0.000 ; free physical = 583 ; free virtual = 3312

Phase 3.2 Commit Most Macros & LUTRAMs
Phase 3.2 Commit Most Macros & LUTRAMs | Checksum: 1b0dc9f00

Time (s): cpu = 00:00:01 ; elapsed = 00:00:00.95 . Memory (MB): peak = 3359.918 ; gain = 0.000 ; free physical = 583 ; free virtual = 3311

Phase 3.3 Area Swap Optimization
Phase 3.3 Area Swap Optimization | Checksum: 1efe53380

Time (s): cpu = 00:00:01 ; elapsed = 00:00:00.96 . Memory (MB): peak = 3359.918 ; gain = 0.000 ; free physical = 583 ; free virtual = 3311

Phase 3.4 Pipeline Register Optimization
Phase 3.4 Pipeline Register Optimization | Checksum: 25e9316f4

Time (s): cpu = 00:00:01 ; elapsed = 00:00:00.96 . Memory (MB): peak = 3359.918 ; gain = 0.000 ; free physical = 583 ; free virtual = 3311

Phase 3.5 Small Shape Detail Placement
Phase 3.5 Small Shape Detail Placement | Checksum: 1b9dfc469

Time (s): cpu = 00:00:01 ; elapsed = 00:00:01 . Memory (MB): peak = 3359.918 ; gain = 0.000 ; free physical = 584 ; free virtual = 3312

Phase 3.6 Re-assign LUT pins
Phase 3.6 Re-assign LUT pins | Checksum: 23f94d572

Time (s): cpu = 00:00:01 ; elapsed = 00:00:01 . Memory (MB): peak = 3359.918 ; gain = 0.000 ; free physical = 584 ; free virtual = 3312

Phase 3.7 Pipeline Register Optimization
Phase 3.7 Pipeline Register Optimization | Checksum: 2b442b1f6

Time (s): cpu = 00:00:01 ; elapsed = 00:00:01 . Memory (MB): peak = 3359.918 ; gain = 0.000 ; free physical = 584 ; free virtual = 3312
Phase 3 Detail Placement | Checksum: 2b442b1f6

Time (s): cpu = 00:00:01 ; elapsed = 00:00:01 . Memory (MB): peak = 3359.918 ; gain = 0.000 ; free physical = 584 ; free virtual = 3312

Phase 4 Post Placement Optimization and Clean-Up

Phase 4.1 Post Commit Optimization
INFO: [Timing 38-35] Done setting XDC timing constraints.

Phase 4.1.1 Post Placement Optimization
Post Placement Optimization Initialization | Checksum: 24f86a941

Phase 4.1.1.1 BUFG Insertion

Starting Physical Synthesis Task

Phase 1 Physical Synthesis Initialization
INFO: [Physopt 32-721] Multithreading enabled for phys_opt_design using a maximum of 8 CPUs
INFO: [Physopt 32-619] Estimated Timing Summary | WNS=2.663 | TNS=0.000 |
Phase 1 Physical Synthesis Initialization | Checksum: 10936e084

Time (s): cpu = 00:00:00.01 ; elapsed = 00:00:00.01 . Memory (MB): peak = 3359.918 ; gain = 0.000 ; free physical = 583 ; free virtual = 3311
INFO: [Place 46-56] BUFG insertion identified 0 candidate nets. Inserted BUFG: 0, Replicated BUFG Driver: 0, Skipped due to Placement/Routing Conflicts: 0, Skipped due to Timing Degradation: 0, Skipped due to netlist editing failed: 0.
Ending Physical Synthesis Task | Checksum: 26a348b0b

Time (s): cpu = 00:00:00.01 ; elapsed = 00:00:00.01 . Memory (MB): peak = 3359.918 ; gain = 0.000 ; free physical = 583 ; free virtual = 3311
Phase 4.1.1.1 BUFG Insertion | Checksum: 24f86a941

Time (s): cpu = 00:00:01 ; elapsed = 00:00:01 . Memory (MB): peak = 3359.918 ; gain = 0.000 ; free physical = 583 ; free virtual = 3311

Phase 4.1.1.2 Post Placement Timing Optimization
INFO: [Place 30-746] Post Placement Timing Summary WNS=2.663. For the most accurate timing information please run report_timing.
Phase 4.1.1.2 Post Placement Timing Optimization | Checksum: 33df4dd22

Time (s): cpu = 00:00:01 ; elapsed = 00:00:01 . Memory (MB): peak = 3359.918 ; gain = 0.000 ; free physical = 583 ; free virtual = 3311

Time (s): cpu = 00:00:01 ; elapsed = 00:00:01 . Memory (MB): peak = 3359.918 ; gain = 0.000 ; free physical = 583 ; free virtual = 3311
Phase 4.1 Post Commit Optimization | Checksum: 33df4dd22

Time (s): cpu = 00:00:01 ; elapsed = 00:00:01 . Memory (MB): peak = 3359.918 ; gain = 0.000 ; free physical = 583 ; free virtual = 3311

Phase 4.2 Post Placement Cleanup
Phase 4.2 Post Placement Cleanup | Checksum: 33df4dd22

Time (s): cpu = 00:00:01 ; elapsed = 00:00:01 . Memory (MB): peak = 3359.918 ; gain = 0.000 ; free physical = 583 ; free virtual = 3311

Phase 4.3 Placer Reporting

Phase 4.3.1 Print Estimated Congestion
INFO: [Place 30-612] Post-Placement Estimated Congestion 
 ____________________________________________________
|           | Global Congestion | Short Congestion  |
| Direction | Region Size       | Region Size       |
|___________|___________________|___________________|
|      North|                1x1|                1x1|
|___________|___________________|___________________|
|      South|                1x1|                1x1|
|___________|___________________|___________________|
|       East|                1x1|                1x1|
|___________|___________________|___________________|
|       West|                1x1|                1x1|
|___________|___________________|___________________|

Phase 4.3.1 Print Estimated Congestion | Checksum: 33df4dd22

Time (s): cpu = 00:00:01 ; elapsed = 00:00:01 . Memory (MB): peak = 3359.918 ; gain = 0.000 ; free physical = 583 ; free virtual = 3311
Phase 4.3 Placer Reporting | Checksum: 33df4dd22

Time (s): cpu = 00:00:01 ; elapsed = 00:00:01 . Memory (MB): peak = 3359.918 ; gain = 0.000 ; free physical = 583 ; free virtual = 3311

Phase 4.4 Final Placement Cleanup
Netlist sorting complete. Time (s): cpu = 00:00:00 ; elapsed = 00:00:00 . Memory (MB): peak = 3359.918 ; gain = 0.000 ; free physical = 583 ; free virtual = 3311

Time (s): cpu = 00:00:01 ; elapsed = 00:00:01 . Memory (MB): peak = 3359.918 ; gain = 0.000 ; free physical = 583 ; free virtual = 3311
Phase 4 Post Placement Optimization and Clean-Up | Checksum: 3563fc0a0

Time (s): cpu = 00:00:01 ; elapsed = 00:00:01 . Memory (MB): peak = 3359.918 ; gain = 0.000 ; free physical = 583 ; free virtual = 3311
Ending Placer Task | Checksum: 25c4c56a2

Time (s): cpu = 00:00:01 ; elapsed = 00:00:01 . Memory (MB): peak = 3359.918 ; gain = 0.000 ; free physical = 583 ; free virtual = 3311
63 Infos, 0 Warnings, 0 Critical Warnings and 0 Errors encountered.
place_design completed successfully
INFO: [Vivado 12-24838] Running report commands "report_control_sets, report_io, report_utilization" in parallel.
Running report generation with 3 threads.
INFO: [Vivado 12-24828] Executing command : report_control_sets -verbose -file top_control_sets_placed.rpt
report_control_sets: Time (s): cpu = 00:00:00.01 ; elapsed = 00:00:00.02 . Memory (MB): peak = 3359.918 ; gain = 0.000 ; free physical = 581 ; free virtual = 3310
INFO: [Vivado 12-24828] Executing command : report_utilization -file top_utilization_placed.rpt -pb top_utilization_placed.pb
INFO: [Vivado 12-24828] Executing command : report_io -file top_io_placed.rpt
report_io: Time (s): cpu = 00:00:00.08 ; elapsed = 00:00:00.05 . Memory (MB): peak = 3359.918 ; gain = 0.000 ; free physical = 580 ; free virtual = 3309
Write ShapeDB Complete: Time (s): cpu = 00:00:00 ; elapsed = 00:00:00.01 . Memory (MB): peak = 3359.918 ; gain = 0.000 ; free physical = 580 ; free virtual = 3308
INFO: [Timing 38-480] Writing timing data to binary archive.
Wrote PlaceDB: Time (s): cpu = 00:00:00.02 ; elapsed = 00:00:00 . Memory (MB): peak = 3359.918 ; gain = 0.000 ; free physical = 571 ; free virtual = 3300
Wrote PulsedLatchDB: Time (s): cpu = 00:00:00 ; elapsed = 00:00:00 . Memory (MB): peak = 3359.918 ; gain = 0.000 ; free physical = 571 ; free virtual = 3300
Writing XDEF routing.
Writing XDEF routing logical nets.
Writing XDEF routing special nets.
Wrote RouteStorage: Time (s): cpu = 00:00:00.02 ; elapsed = 00:00:00.02 . Memory (MB): peak = 3359.918 ; gain = 0.000 ; free physical = 571 ; free virtual = 3300
Wrote Netlist Cache: Time (s): cpu = 00:00:00 ; elapsed = 00:00:00 . Memory (MB): peak = 3359.918 ; gain = 0.000 ; free physical = 571 ; free virtual = 3300
Wrote Device Cache: Time (s): cpu = 00:00:00 ; elapsed = 00:00:00 . Memory (MB): peak = 3359.918 ; gain = 0.000 ; free physical = 571 ; free virtual = 3300
Write Physdb Complete: Time (s): cpu = 00:00:00.05 ; elapsed = 00:00:00.02 . Memory (MB): peak = 3359.918 ; gain = 0.000 ; free physical = 571 ; free virtual = 3300
INFO: [Common 17-1381] The checkpoint '/workspace/matmul_10x10/matmul_10x10/matmul_10x10.runs/impl_1/top_placed.dcp' has been generated.
Command: phys_opt_design
Attempting to get a license for feature 'Implementation' and/or device 'xc7a35t'
INFO: [Common 17-349] Got license for feature 'Implementation' and/or device 'xc7a35t'

Starting Initial Update Timing Task

Time (s): cpu = 00:00:00.03 ; elapsed = 00:00:00.02 . Memory (MB): peak = 3359.918 ; gain = 0.000 ; free physical = 551 ; free virtual = 3279
INFO: [Vivado_Tcl 4-2279] Estimated Timing Summary | WNS= 2.663 | TNS= 0.000 | 
INFO: [Vivado_Tcl 4-383] Design worst setup slack (WNS) is greater than or equal to 0.000 ns. All physical synthesis setup optimizations will be skipped.
INFO: [Vivado_Tcl 4-232] No setup violation found. The netlist was not modified.
INFO: [Common 17-83] Releasing license: Implementation
74 Infos, 0 Warnings, 0 Critical Warnings and 0 Errors encountered.
phys_opt_design completed successfully
Write ShapeDB Complete: Time (s): cpu = 00:00:00.01 ; elapsed = 00:00:00 . Memory (MB): peak = 3359.918 ; gain = 0.000 ; free physical = 546 ; free virtual = 3275
INFO: [Timing 38-480] Writing timing data to binary archive.
Wrote PlaceDB: Time (s): cpu = 00:00:00.01 ; elapsed = 00:00:00.01 . Memory (MB): peak = 3359.918 ; gain = 0.000 ; free physical = 542 ; free virtual = 3271
Wrote PulsedLatchDB: Time (s): cpu = 00:00:00 ; elapsed = 00:00:00 . Memory (MB): peak = 3359.918 ; gain = 0.000 ; free physical = 542 ; free virtual = 3271
Writing XDEF routing.
Writing XDEF routing logical nets.
Writing XDEF routing special nets.
Wrote RouteStorage: Time (s): cpu = 00:00:00.03 ; elapsed = 00:00:00.01 . Memory (MB): peak = 3359.918 ; gain = 0.000 ; free physical = 535 ; free virtual = 3264
Wrote Netlist Cache: Time (s): cpu = 00:00:00 ; elapsed = 00:00:00.01 . Memory (MB): peak = 3359.918 ; gain = 0.000 ; free physical = 535 ; free virtual = 3264
Wrote Device Cache: Time (s): cpu = 00:00:00.01 ; elapsed = 00:00:00 . Memory (MB): peak = 3359.918 ; gain = 0.000 ; free physical = 535 ; free virtual = 3265
Write Physdb Complete: Time (s): cpu = 00:00:00.05 ; elapsed = 00:00:00.03 . Memory (MB): peak = 3359.918 ; gain = 0.000 ; free physical = 535 ; free virtual = 3265
INFO: [Common 17-1381] The checkpoint '/workspace/matmul_10x10/matmul_10x10/matmul_10x10.runs/impl_1/top_physopt.dcp' has been generated.
Command: route_design
Attempting to get a license for feature 'Implementation' and/or device 'xc7a35t'
INFO: [Common 17-349] Got license for feature 'Implementation' and/or device 'xc7a35t'
Running DRC as a precondition to command route_design
INFO: [DRC 23-27] Running DRC with 8 threads
INFO: [Vivado_Tcl 4-198] DRC finished with 0 Errors
INFO: [Vivado_Tcl 4-199] Please refer to the DRC report (report_drc) for more information.


Starting Routing Task
INFO: [Route 35-254] Multithreading enabled for route_design using a maximum of 8 CPUs

Phase 1 Build RT Design
Checksum: PlaceDB: cc01844d ConstDB: 0 ShapeSum: efc975fe RouteDB: a0815c57
Post Restoration Checksum: NetGraph: fa3715a2 | NumContArr: 74def2a3 | Constraints: c2a8fa9d | Timing: c2a8fa9d
Phase 1 Build RT Design | Checksum: 2f467fd7f

Time (s): cpu = 00:00:10 ; elapsed = 00:00:09 . Memory (MB): peak = 3414.883 ; gain = 36.281 ; free physical = 392 ; free virtual = 3121

Phase 2 Router Initialization

Phase 2.1 Fix Topology Constraints
Phase 2.1 Fix Topology Constraints | Checksum: 2f467fd7f

Time (s): cpu = 00:00:10 ; elapsed = 00:00:09 . Memory (MB): peak = 3415.184 ; gain = 36.582 ; free physical = 392 ; free virtual = 3121

Phase 2.2 Pre Route Cleanup
Phase 2.2 Pre Route Cleanup | Checksum: 2f467fd7f

Time (s): cpu = 00:00:10 ; elapsed = 00:00:09 . Memory (MB): peak = 3415.250 ; gain = 36.648 ; free physical = 392 ; free virtual = 3121
 Number of Nodes with overlaps = 0

Phase 2.3 Update Timing
Phase 2.3 Update Timing | Checksum: 2beecae33

Time (s): cpu = 00:00:11 ; elapsed = 00:00:09 . Memory (MB): peak = 3442.324 ; gain = 63.723 ; free physical = 376 ; free virtual = 3105
INFO: [Route 35-416] Intermediate Timing Summary | WNS=2.657  | TNS=0.000  | WHS=-0.132 | THS=-3.826 |


Router Utilization Summary
  Global Vertical Routing Utilization    = 0 %
  Global Horizontal Routing Utilization  = 0 %
  Routable Net Status*
  *Does not include unroutable nets such as driverless and loadless.
  Run report_route_status for detailed report.
  Number of Failed Nets               = 107
    (Failed Nets is the sum of unrouted and partially routed nets)
  Number of Unrouted Nets             = 107
  Number of Partially Routed Nets     = 0
  Number of Node Overlaps             = 0

Phase 2 Router Initialization | Checksum: 276cfa93a

Time (s): cpu = 00:00:11 ; elapsed = 00:00:10 . Memory (MB): peak = 3442.676 ; gain = 64.074 ; free physical = 372 ; free virtual = 3101

Phase 3 Global Routing
Phase 3 Global Routing | Checksum: 276cfa93a

Time (s): cpu = 00:00:11 ; elapsed = 00:00:10 . Memory (MB): peak = 3442.707 ; gain = 64.105 ; free physical = 364 ; free virtual = 3093

Phase 4 Initial Routing

Phase 4.1 Initial Net Routing Pass
Phase 4.1 Initial Net Routing Pass | Checksum: 26d342222

Time (s): cpu = 00:00:11 ; elapsed = 00:00:10 . Memory (MB): peak = 3443.223 ; gain = 64.621 ; free physical = 364 ; free virtual = 3093
Phase 4 Initial Routing | Checksum: 26d342222

Time (s): cpu = 00:00:11 ; elapsed = 00:00:10 . Memory (MB): peak = 3443.250 ; gain = 64.648 ; free physical = 364 ; free virtual = 3093

Phase 5 Rip-up And Reroute

Phase 5.1 Global Iteration 0
 Number of Nodes with overlaps = 1
 Number of Nodes with overlaps = 0
INFO: [Route 35-416] Intermediate Timing Summary | WNS=2.792  | TNS=0.000  | WHS=N/A    | THS=N/A    |

Phase 5.1 Global Iteration 0 | Checksum: 22bb93b15

Time (s): cpu = 00:00:11 ; elapsed = 00:00:10 . Memory (MB): peak = 3443.691 ; gain = 65.090 ; free physical = 364 ; free virtual = 3093

Phase 5.2 Global Iteration 1
 Number of Nodes with overlaps = 0
INFO: [Route 35-416] Intermediate Timing Summary | WNS=2.803  | TNS=0.000  | WHS=N/A    | THS=N/A    |

Phase 5.2 Global Iteration 1 | Checksum: 339b31c6f

Time (s): cpu = 00:00:11 ; elapsed = 00:00:10 . Memory (MB): peak = 3443.723 ; gain = 65.121 ; free physical = 364 ; free virtual = 3093
Phase 5 Rip-up And Reroute | Checksum: 339b31c6f

Time (s): cpu = 00:00:11 ; elapsed = 00:00:10 . Memory (MB): peak = 3443.727 ; gain = 65.125 ; free physical = 364 ; free virtual = 3093

Phase 6 Delay and Skew Optimization

Phase 6.1 Delay CleanUp
Phase 6.1 Delay CleanUp | Checksum: 339b31c6f

Time (s): cpu = 00:00:11 ; elapsed = 00:00:10 . Memory (MB): peak = 3443.742 ; gain = 65.141 ; free physical = 364 ; free virtual = 3093

Phase 6.2 Clock Skew Optimization
Phase 6.2 Clock Skew Optimization | Checksum: 339b31c6f

Time (s): cpu = 00:00:11 ; elapsed = 00:00:10 . Memory (MB): peak = 3443.750 ; gain = 65.148 ; free physical = 364 ; free virtual = 3093
Phase 6 Delay and Skew Optimization | Checksum: 339b31c6f

Time (s): cpu = 00:00:11 ; elapsed = 00:00:10 . Memory (MB): peak = 3443.750 ; gain = 65.148 ; free physical = 364 ; free virtual = 3093

Phase 7 Post Hold Fix

Phase 7.1 Hold Fix Iter
INFO: [Route 35-416] Intermediate Timing Summary | WNS=2.882  | TNS=0.000  | WHS=0.110  | THS=0.000  |

Phase 7.1 Hold Fix Iter | Checksum: 35235372c

Time (s): cpu = 00:00:11 ; elapsed = 00:00:10 . Memory (MB): peak = 3443.789 ; gain = 65.188 ; free physical = 364 ; free virtual = 3093
Phase 7 Post Hold Fix | Checksum: 35235372c

Time (s): cpu = 00:00:11 ; elapsed = 00:00:10 . Memory (MB): peak = 3443.789 ; gain = 65.188 ; free physical = 364 ; free virtual = 3093

Phase 8 Route finalize

Router Utilization Summary
  Global Vertical Routing Utilization    = 0.042733 %
  Global Horizontal Routing Utilization  = 0.050885 %
  Routable Net Status*
  *Does not include unroutable nets such as driverless and loadless.
  Run report_route_status for detailed report.
  Number of Failed Nets               = 0
    (Failed Nets is the sum of unrouted and partially routed nets)
  Number of Unrouted Nets             = 0
  Number of Partially Routed Nets     = 0
  Number of Node Overlaps             = 0

Phase 8 Route finalize | Checksum: 35235372c

Time (s): cpu = 00:00:11 ; elapsed = 00:00:10 . Memory (MB): peak = 3443.832 ; gain = 65.230 ; free physical = 364 ; free virtual = 3093

Phase 9 Verifying routed nets

 Verification completed successfully
Phase 9 Verifying routed nets | Checksum: 35235372c

Time (s): cpu = 00:00:11 ; elapsed = 00:00:10 . Memory (MB): peak = 3443.848 ; gain = 65.246 ; free physical = 364 ; free virtual = 3093

Phase 10 Depositing Routes
Phase 10 Depositing Routes | Checksum: 3585c4a8d

Time (s): cpu = 00:00:11 ; elapsed = 00:00:10 . Memory (MB): peak = 3444.379 ; gain = 65.777 ; free physical = 364 ; free virtual = 3093

Phase 11 Post Process Routing
Phase 11 Post Process Routing | Checksum: 3585c4a8d

Time (s): cpu = 00:00:11 ; elapsed = 00:00:10 . Memory (MB): peak = 3444.453 ; gain = 65.852 ; free physical = 364 ; free virtual = 3093

Phase 12 Post Router Timing
INFO: [Route 35-57] Estimated Timing Summary | WNS=2.882  | TNS=0.000  | WHS=0.110  | THS=0.000  |

INFO: [Route 35-327] The final timing numbers are based on the router estimated timing analysis. For a complete and accurate timing signoff, please run report_timing_summary.
Phase 12 Post Router Timing | Checksum: 3585c4a8d

Time (s): cpu = 00:00:11 ; elapsed = 00:00:10 . Memory (MB): peak = 3444.469 ; gain = 65.867 ; free physical = 364 ; free virtual = 3093
Total Elapsed time in route_design: 9.88 secs

Phase 13 Post-Route Event Processing
Phase 13 Post-Route Event Processing | Checksum: 2492fa3e0

Time (s): cpu = 00:00:11 ; elapsed = 00:00:10 . Memory (MB): peak = 3444.527 ; gain = 65.926 ; free physical = 363 ; free virtual = 3092
INFO: [Route 35-16] Router Completed Successfully
Ending Routing Task | Checksum: 2492fa3e0

Time (s): cpu = 00:00:11 ; elapsed = 00:00:10 . Memory (MB): peak = 3444.535 ; gain = 65.934 ; free physical = 363 ; free virtual = 3092

Routing Is Done.
INFO: [Common 17-83] Releasing license: Implementation
89 Infos, 0 Warnings, 0 Critical Warnings and 0 Errors encountered.
route_design completed successfully
route_design: Time (s): cpu = 00:00:12 ; elapsed = 00:00:10 . Memory (MB): peak = 3444.684 ; gain = 84.766 ; free physical = 363 ; free virtual = 3092
INFO: [Vivado 12-24828] Executing command : report_drc -file top_drc_routed.rpt -pb top_drc_routed.pb -rpx top_drc_routed.rpx
Command: report_drc -file top_drc_routed.rpt -pb top_drc_routed.pb -rpx top_drc_routed.rpx
INFO: [IP_Flow 19-1839] IP Catalog is up to date.
INFO: [DRC 23-27] Running DRC with 8 threads
INFO: [Vivado_Tcl 2-168] The results of DRC are in file /workspace/matmul_10x10/matmul_10x10/matmul_10x10.runs/impl_1/top_drc_routed.rpt.
report_drc completed successfully
INFO: [Vivado 12-24828] Executing command : report_methodology -file top_methodology_drc_routed.rpt -pb top_methodology_drc_routed.pb -rpx top_methodology_drc_routed.rpx
Command: report_methodology -file top_methodology_drc_routed.rpt -pb top_methodology_drc_routed.pb -rpx top_methodology_drc_routed.rpx
INFO: [Timing 38-35] Done setting XDC timing constraints.
INFO: [DRC 23-133] Running Methodology with 8 threads
INFO: [Vivado_Tcl 2-1520] The results of Report Methodology are in file /workspace/matmul_10x10/matmul_10x10/matmul_10x10.runs/impl_1/top_methodology_drc_routed.rpt.
report_methodology completed successfully
INFO: [Vivado 12-24828] Executing command : report_timing_summary -max_paths 10 -report_unconstrained -file top_timing_summary_routed.rpt -pb top_timing_summary_routed.pb -rpx top_timing_summary_routed.rpx -warn_on_violation 
INFO: [Timing 38-35] Done setting XDC timing constraints.
INFO: [Timing 38-91] UpdateTimingParams: Speed grade: -1, Delay Type: min_max.
INFO: [Timing 38-191] Multithreading enabled for timing update using a maximum of 8 CPUs
INFO: [Vivado 12-24838] Running report commands "report_bus_skew, report_incremental_reuse, report_route_status" in parallel.
Running report generation with 3 threads.
INFO: [Vivado 12-24828] Executing command : report_incremental_reuse -file top_incremental_reuse_routed.rpt
INFO: [Vivado_Tcl 4-1062] Incremental flow is disabled. No incremental reuse Info to report.
INFO: [Vivado 12-24828] Executing command : report_route_status -file top_route_status.rpt -pb top_route_status.pb
INFO: [Vivado 12-24828] Executing command : report_bus_skew -warn_on_violation -file top_bus_skew_routed.rpt -pb top_bus_skew_routed.pb -rpx top_bus_skew_routed.rpx
INFO: [Timing 38-91] UpdateTimingParams: Speed grade: -1, Delay Type: min_max.
INFO: [Timing 38-191] Multithreading enabled for timing update using a maximum of 8 CPUs
INFO: [Vivado 12-24828] Executing command : report_power -file top_power_routed.rpt -pb top_power_summary_routed.pb -rpx top_power_routed.rpx
Command: report_power -file top_power_routed.rpt -pb top_power_summary_routed.pb -rpx top_power_routed.rpx
Running Vector-less Activity Propagation...

Finished Running Vector-less Activity Propagation
109 Infos, 0 Warnings, 0 Critical Warnings and 0 Errors encountered.
report_power completed successfully
INFO: [Vivado 12-24828] Executing command : report_clock_utilization -file top_clock_utilization_routed.rpt
WARNING: [Device 21-9320] Failed to find the Oracle tile group with name 'HSR_BOUNDARY_TOP'. This is required for Clock regions and Virtual grid.
WARNING: [Device 21-2174] Failed to initialize Virtual grid.
Write ShapeDB Complete: Time (s): cpu = 00:00:00 ; elapsed = 00:00:00 . Memory (MB): peak = 3680.875 ; gain = 0.000 ; free physical = 298 ; free virtual = 3027
INFO: [Timing 38-480] Writing timing data to binary archive.
Wrote PlaceDB: Time (s): cpu = 00:00:00.01 ; elapsed = 00:00:00.01 . Memory (MB): peak = 3680.875 ; gain = 0.000 ; free physical = 297 ; free virtual = 3026
Wrote PulsedLatchDB: Time (s): cpu = 00:00:00 ; elapsed = 00:00:00 . Memory (MB): peak = 3680.875 ; gain = 0.000 ; free physical = 297 ; free virtual = 3026
Writing XDEF routing.
Writing XDEF routing logical nets.
Writing XDEF routing special nets.
Wrote RouteStorage: Time (s): cpu = 00:00:00.03 ; elapsed = 00:00:00.01 . Memory (MB): peak = 3680.875 ; gain = 0.000 ; free physical = 297 ; free virtual = 3026
Wrote Netlist Cache: Time (s): cpu = 00:00:00 ; elapsed = 00:00:00 . Memory (MB): peak = 3680.875 ; gain = 0.000 ; free physical = 297 ; free virtual = 3027
Wrote Device Cache: Time (s): cpu = 00:00:00.01 ; elapsed = 00:00:00 . Memory (MB): peak = 3680.875 ; gain = 0.000 ; free physical = 297 ; free virtual = 3027
Write Physdb Complete: Time (s): cpu = 00:00:00.06 ; elapsed = 00:00:00.03 . Memory (MB): peak = 3680.875 ; gain = 0.000 ; free physical = 297 ; free virtual = 3027
INFO: [Common 17-1381] The checkpoint '/workspace/matmul_10x10/matmul_10x10/matmul_10x10.runs/impl_1/top_routed.dcp' has been generated.
Command: write_bitstream -force top.bit
Attempting to get a license for feature 'Implementation' and/or device 'xc7a35t'
INFO: [Common 17-349] Got license for feature 'Implementation' and/or device 'xc7a35t'
Running DRC as a precondition to command write_bitstream
INFO: [IP_Flow 19-1839] IP Catalog is up to date.
INFO: [DRC 23-27] Running DRC with 8 threads
WARNING: [DRC CFGBVS-1] Missing CFGBVS and CONFIG_VOLTAGE Design Properties: Neither the CFGBVS nor CONFIG_VOLTAGE voltage property is set in the current_design.  Configuration bank voltage select (CFGBVS) must be set to VCCO or GND, and CONFIG_VOLTAGE must be set to the correct configuration voltage, in order to determine the I/O voltage support for the pins in bank 0.  It is suggested to specify these either using the 'Edit Device Properties' function in the GUI or directly in the XDC file using the following syntax:

 set_property CFGBVS value1 [current_design]
 #where value1 is either VCCO or GND

 set_property CONFIG_VOLTAGE value2 [current_design]
 #where value2 is the voltage provided to configuration bank 0

Refer to the device configuration user guide for more information.
INFO: [Vivado 12-3199] DRC finished with 0 Errors, 1 Warnings
INFO: [Vivado 12-3200] Please refer to the DRC report (report_drc) for more information.
INFO: [Designutils 20-2272] Running write_bitstream with 8 threads.
Loading data files...
Loading site data...
Loading route data...
Processing options...
Creating bitmap...
Creating bitstream...
Writing bitstream ./top.bit...
INFO: [Vivado 12-1842] Bitgen Completed Successfully.
INFO: [Project 1-1876] WebTalk data collection is mandatory when using a ULT device. To see the specific WebTalk data collected for your design, open the usage_statistics_webtalk.html or usage_statistics_webtalk.xml file in the implementation directory.
INFO: [Common 17-83] Releasing license: Implementation
121 Infos, 3 Warnings, 0 Critical Warnings and 0 Errors encountered.
write_bitstream completed successfully
write_bitstream: Time (s): cpu = 00:00:07 ; elapsed = 00:00:15 . Memory (MB): peak = 3912.340 ; gain = 231.465 ; free physical = 117 ; free virtual = 2745
INFO: [Common 17-206] Exiting Vivado at Wed Mar  4 19:58:13 2026...
