#-----------------------------------------------------------
# Vivado v2024.1 (64-bit)
# SW Build 5076996 on Wed May 22 18:36:09 MDT 2024
# IP Build 5075265 on Wed May 22 21:45:21 MDT 2024
# SharedData Build 5076995 on Wed May 22 18:29:18 MDT 2024
# Start of session at: Sat Mar 14 21:24:40 2026
# Process ID: 78964
# Current directory: /workspace
# Command line: vivado -mode batch -source ov7670/program.tcl
# Log file: /workspace/vivado.log
# Journal file: /workspace/vivado.jou
# Running On        :95ecba4fba0c
# Platform          :unknown
# Operating System  :unknown
# Processor Detail  :VirtualApple @ 2.50GHz
# CPU Frequency     :2502.057 MHz
# CPU Physical cores:16
# CPU Logical cores :16
# Host memory       :67305 MB
# Swap memory       :1073 MB
# Total Virtual     :68379 MB
# Available Virtual :65389 MB
#-----------------------------------------------------------
source ov7670/program.tcl
# set proj_dir [file normalize [file dirname [info script]]]
# set proj_name ov7670_cam
# set bit $proj_dir/$proj_name/${proj_name}.runs/impl_1/top_level.bit
# if { ![file exists $bit] } { puts "Run build.tcl first"; exit 1 }
Run build.tcl first
INFO: [Common 17-206] Exiting Vivado at Sat Mar 14 21:24:43 2026...
