#-----------------------------------------------------------
# Vivado v2024.1 (64-bit)
# SW Build 5076996 on Wed May 22 18:36:09 MDT 2024
# IP Build 5075265 on Wed May 22 21:45:21 MDT 2024
# SharedData Build 5076995 on Wed May 22 18:29:18 MDT 2024
# Start of session at: Sat Mar 14 21:43:08 2026
# Process ID: 26912
# Current directory: /workspace
# Command line: vivado -mode batch -source ov7670/program.tcl
# Log file: /workspace/vivado.log
# Journal file: /workspace/vivado.jou
# Running On        :2dd5df5d4375
# Platform          :unknown
# Operating System  :unknown
# Processor Detail  :VirtualApple @ 2.50GHz
# CPU Frequency     :2502.057 MHz
# CPU Physical cores:16
# CPU Logical cores :16
# Host memory       :67305 MB
# Swap memory       :1073 MB
# Total Virtual     :68379 MB
# Available Virtual :65513 MB
#-----------------------------------------------------------
source ov7670/program.tcl
# set proj_dir [file normalize [file dirname [info script]]]
# set proj_name ov7670_cam
# set bit $proj_dir/$proj_name/${proj_name}.runs/impl_1/top_level.bit
# if { ![file exists $bit] } { puts "Run build.tcl first"; exit 1 }
# open_hw_manager
# connect_hw_server
INFO: [Labtools 27-2285] Connecting to hw_server url TCP:localhost:3121
INFO: [Labtools 27-2222] Launching hw_server...
INFO: [Labtools 27-2221] Launch Output:

****** Xilinx hw_server v2024.1
  **** Build date : May 22 2024 at 19:19:01
    ** Copyright 1986-2022 Xilinx, Inc. All Rights Reserved.


INFO: [Labtools 27-3415] Connecting to cs_server url TCP:localhost:0
INFO: [Labtools 27-3417] Launching cs_server...
INFO: [Labtools 27-2221] Launch Output:


******** Xilinx cs_server v2024.1.0
  ****** Build date   : Apr 27 2024-01:40:49
    **** Build number : 2024.1.1714182049
      ** Copyright 2017-2022 Xilinx, Inc. All Rights Reserved.
      ** Copyright 2022-2026 Advanced Micro Devices, Inc. All Rights Reserved.



# set servers [get_hw_servers]
# if { [llength $servers] == 0 } { puts "No hw_server"; exit 1 }
# if { [catch { set targets [get_hw_targets -of_objects [lindex $servers 0]] }] || [llength $targets] == 0 } {
#   puts "No hardware target found."
#   exit 1
# }
# current_hw_target [lindex $targets 0]
# open_hw_target
INFO: [Labtoolstcl 44-466] Opening hw_target localhost:3121/xilinx_tcf/Digilent/210183BD388FA
# set devs [get_hw_devices]
# current_hw_device [lindex $devs 0]
# set_property PROGRAM.FILE $bit [lindex $devs 0]
# program_hw_devices [lindex $devs 0]
INFO: [Labtools 27-3164] End of startup status: HIGH
# refresh_hw_device [lindex $devs 0]
INFO: [Labtools 27-1434] Device xc7a35t (JTAG device index = 0) is programmed with a design that has no supported debug core(s) in it.
# close_hw_target
INFO: [Labtoolstcl 44-464] Closing hw_target localhost:3121/xilinx_tcf/Digilent/210183BD388FA
# close_hw_manager
# puts "Done. OV7670 camera -> VGA. btnC=resend config, btnL=160x120, btnR=320x240"
Done. OV7670 camera -> VGA. btnC=resend config, btnL=160x120, btnR=320x240
# exit
INFO: [Common 17-206] Exiting Vivado at Sat Mar 14 21:43:19 2026...
