#-----------------------------------------------------------
# Vivado v2024.1 (64-bit)
# SW Build 5076996 on Wed May 22 18:36:09 MDT 2024
# IP Build 5075265 on Wed May 22 21:45:21 MDT 2024
# SharedData Build 5076995 on Wed May 22 18:29:18 MDT 2024
# Start of session at: Sat Mar 14 21:32:14 2026
# Process ID: 45
# Current directory: /workspace
# Command line: vivado -mode batch -source ov7670/build.tcl
# Log file: /workspace/vivado.log
# Journal file: /workspace/vivado.jou
# Running On        :3c1453a17d27
# Platform          :unknown
# Operating System  :unknown
# Processor Detail  :VirtualApple @ 2.50GHz
# CPU Frequency     :2502.057 MHz
# CPU Physical cores:16
# CPU Logical cores :16
# Host memory       :67305 MB
# Swap memory       :1073 MB
# Total Virtual     :68379 MB
# Available Virtual :65283 MB
#-----------------------------------------------------------
source ov7670/build.tcl
# set proj_dir [file normalize [file dirname [info script]]]
# set proj_name ov7670_cam
# create_project $proj_name $proj_dir/$proj_name -part xc7a35tcpg236-1 -force
# set rtl_files [glob $proj_dir/rtl/*.vhd]
# foreach f $rtl_files { add_files -fileset sources_1 $f }
# add_files -fileset constrs_1 $proj_dir/Basys3.xdc
# set_property top top_level [current_fileset]
# set_property file_type {VHDL} [get_files *.vhd]
# update_compile_order -fileset sources_1
# launch_runs synth_1 -jobs 4
WARNING: [Vivado 12-7122] Auto Incremental Compile:: No reference checkpoint was found in run synth_1. Auto-incremental flow will not be run, the standard flow will be run instead.
[Sat Mar 14 21:32:26 2026] Launched synth_1...
Run output will be captured here: /workspace/ov7670/ov7670_cam/ov7670_cam.runs/synth_1/runme.log
# wait_on_run synth_1
[Sat Mar 14 21:32:26 2026] Waiting for synth_1 to finish...

*** Running vivado
    with args -log top_level.vds -m64 -product Vivado -mode batch -messageDb vivado.pb -notrace -source top_level.tcl


****** Vivado v2024.1 (64-bit)
  **** SW Build 5076996 on Wed May 22 18:36:09 MDT 2024
  **** IP Build 5075265 on Wed May 22 21:45:21 MDT 2024
  **** SharedData Build 5076995 on Wed May 22 18:29:18 MDT 2024
  **** Start of session at: Sat Mar 14 21:32:32 2026
    ** Copyright 1986-2022 Xilinx, Inc. All Rights Reserved.
    ** Copyright 2022-2024 Advanced Micro Devices, Inc. All Rights Reserved.

source top_level.tcl -notrace
Command: synth_design -top top_level -part xc7a35tcpg236-1
Starting synth_design
Attempting to get a license for feature 'Synthesis' and/or device 'xc7a35t'
INFO: [Common 17-349] Got license for feature 'Synthesis' and/or device 'xc7a35t'
INFO: [Device 21-403] Loading part xc7a35tcpg236-1
INFO: [Device 21-9227] Part: xc7a35tcpg236-1 does not have CEAM library.
INFO: [Synth 8-7079] Multithreading enabled for synth_design using a maximum of 4 processes.
INFO: [Synth 8-7078] Launching helper process for spawning children vivado processes
INFO: [Synth 8-7075] Helper process launched with PID 136
---------------------------------------------------------------------------------
Starting RTL Elaboration : Time (s): cpu = 00:00:03 ; elapsed = 00:00:03 . Memory (MB): peak = 3487.074 ; gain = 412.750 ; free physical = 57374 ; free virtual = 60363
---------------------------------------------------------------------------------
INFO: [Synth 8-638] synthesizing module 'top_level' [/workspace/ov7670/rtl/top_level.vhd:29]
INFO: [Synth 8-3491] module 'clocking' declared at '/workspace/ov7670/rtl/clocking.vhd:6' bound to instance 'clk_inst' of component 'clocking' [/workspace/ov7670/rtl/top_level.vhd:148]
INFO: [Synth 8-638] synthesizing module 'clocking' [/workspace/ov7670/rtl/clocking.vhd:12]
	Parameter CLKFBOUT_MULT_F bound to: 10.000000 - type: double 
	Parameter CLKIN1_PERIOD bound to: 10.000000 - type: double 
	Parameter CLKOUT0_DIVIDE_F bound to: 20.000000 - type: double 
	Parameter CLKOUT1_DIVIDE bound to: 40 - type: integer 
INFO: [Synth 8-113] binding component instance 'MMCME2_inst' to cell 'MMCME2_BASE' [/workspace/ov7670/rtl/clocking.vhd:18]
INFO: [Synth 8-113] binding component instance 'buf50' to cell 'BUFG' [/workspace/ov7670/rtl/clocking.vhd:45]
INFO: [Synth 8-113] binding component instance 'buf25' to cell 'BUFG' [/workspace/ov7670/rtl/clocking.vhd:46]
INFO: [Synth 8-256] done synthesizing module 'clocking' (0#1) [/workspace/ov7670/rtl/clocking.vhd:12]
INFO: [Synth 8-3491] module 'VGA' declared at '/workspace/ov7670/rtl/vga.vhd:5' bound to instance 'Inst_VGA' of component 'VGA' [/workspace/ov7670/rtl/top_level.vhd:156]
INFO: [Synth 8-638] synthesizing module 'VGA' [/workspace/ov7670/rtl/vga.vhd:17]
INFO: [Synth 8-256] done synthesizing module 'VGA' (0#1) [/workspace/ov7670/rtl/vga.vhd:17]
INFO: [Synth 8-3491] module 'debounce' declared at '/workspace/ov7670/rtl/debounce.vhd:5' bound to instance 'Inst_debounce' of component 'debounce' [/workspace/ov7670/rtl/top_level.vhd:168]
INFO: [Synth 8-638] synthesizing module 'debounce' [/workspace/ov7670/rtl/debounce.vhd:11]
INFO: [Synth 8-256] done synthesizing module 'debounce' (0#1) [/workspace/ov7670/rtl/debounce.vhd:11]
INFO: [Synth 8-3491] module 'ov7670_controller' declared at '/workspace/ov7670/rtl/ov7670_controller.vhd:5' bound to instance 'Inst_ov7670_controller' of component 'ov7670_controller' [/workspace/ov7670/rtl/top_level.vhd:174]
INFO: [Synth 8-638] synthesizing module 'ov7670_controller' [/workspace/ov7670/rtl/ov7670_controller.vhd:16]
INFO: [Synth 8-3491] module 'i2c_sender' declared at '/workspace/ov7670/rtl/i2c_sender.vhd:5' bound to instance 'Inst_i2c_sender' of component 'i2c_sender' [/workspace/ov7670/rtl/ov7670_controller.vhd:53]
INFO: [Synth 8-638] synthesizing module 'i2c_sender' [/workspace/ov7670/rtl/i2c_sender.vhd:16]
INFO: [Synth 8-256] done synthesizing module 'i2c_sender' (0#1) [/workspace/ov7670/rtl/i2c_sender.vhd:16]
INFO: [Synth 8-3491] module 'OV7670_registers' declared at '/workspace/ov7670/rtl/ov7670_registers.vhd:5' bound to instance 'Inst_OV7670_registers' of component 'OV7670_registers' [/workspace/ov7670/rtl/ov7670_controller.vhd:64]
INFO: [Synth 8-638] synthesizing module 'OV7670_registers' [/workspace/ov7670/rtl/ov7670_registers.vhd:12]
INFO: [Synth 8-256] done synthesizing module 'OV7670_registers' (0#1) [/workspace/ov7670/rtl/ov7670_registers.vhd:12]
INFO: [Synth 8-256] done synthesizing module 'ov7670_controller' (0#1) [/workspace/ov7670/rtl/ov7670_controller.vhd:16]
INFO: [Synth 8-3491] module 'frame_buffer' declared at '/workspace/ov7670/rtl/frame_buffer.vhd:5' bound to instance 'Inst_frame_buffer' of component 'frame_buffer' [/workspace/ov7670/rtl/top_level.vhd:199]
INFO: [Synth 8-638] synthesizing module 'frame_buffer' [/workspace/ov7670/rtl/frame_buffer.vhd:15]
INFO: [Synth 8-256] done synthesizing module 'frame_buffer' (0#1) [/workspace/ov7670/rtl/frame_buffer.vhd:15]
INFO: [Synth 8-3491] module 'ov7670_capture' declared at '/workspace/ov7670/rtl/ov7670_capture.vhd:5' bound to instance 'Inst_ov7670_capture' of component 'ov7670_capture' [/workspace/ov7670/rtl/top_level.vhd:209]
INFO: [Synth 8-638] synthesizing module 'ov7670_capture' [/workspace/ov7670/rtl/ov7670_capture.vhd:17]
INFO: [Synth 8-256] done synthesizing module 'ov7670_capture' (0#1) [/workspace/ov7670/rtl/ov7670_capture.vhd:17]
INFO: [Synth 8-3491] module 'RGB' declared at '/workspace/ov7670/rtl/rgb.vhd:4' bound to instance 'Inst_RGB' of component 'RGB' [/workspace/ov7670/rtl/top_level.vhd:221]
INFO: [Synth 8-638] synthesizing module 'RGB' [/workspace/ov7670/rtl/rgb.vhd:12]
INFO: [Synth 8-256] done synthesizing module 'RGB' (0#1) [/workspace/ov7670/rtl/rgb.vhd:12]
INFO: [Synth 8-3491] module 'Address_Generator' declared at '/workspace/ov7670/rtl/address_generator.vhd:5' bound to instance 'Inst_Address_Generator' of component 'Address_Generator' [/workspace/ov7670/rtl/top_level.vhd:229]
INFO: [Synth 8-638] synthesizing module 'Address_Generator' [/workspace/ov7670/rtl/address_generator.vhd:14]
INFO: [Synth 8-256] done synthesizing module 'Address_Generator' (0#1) [/workspace/ov7670/rtl/address_generator.vhd:14]
INFO: [Synth 8-256] done synthesizing module 'top_level' (0#1) [/workspace/ov7670/rtl/top_level.vhd:29]
WARNING: [Synth 8-6014] Unused sequential element line_cnt_reg was removed.  [/workspace/ov7670/rtl/ov7670_capture.vhd:42]
WARNING: [Synth 8-6014] Unused sequential element href_last_reg was removed.  [/workspace/ov7670/rtl/ov7670_capture.vhd:43]
WARNING: [Synth 8-7129] Port rez_160x120 in module Address_Generator is either unconnected or has no load
WARNING: [Synth 8-7129] Port rez_320x240 in module Address_Generator is either unconnected or has no load
WARNING: [Synth 8-7129] Port rez_160x120 in module ov7670_capture is either unconnected or has no load
WARNING: [Synth 8-7129] Port rez_320x240 in module ov7670_capture is either unconnected or has no load
WARNING: [Synth 8-7129] Port rez_160x120 in module VGA is either unconnected or has no load
WARNING: [Synth 8-7129] Port rez_320x240 in module VGA is either unconnected or has no load
---------------------------------------------------------------------------------
Finished RTL Elaboration : Time (s): cpu = 00:00:05 ; elapsed = 00:00:05 . Memory (MB): peak = 3622.316 ; gain = 547.992 ; free physical = 57077 ; free virtual = 60066
---------------------------------------------------------------------------------
---------------------------------------------------------------------------------
Start Handling Custom Attributes
---------------------------------------------------------------------------------
---------------------------------------------------------------------------------
Finished Handling Custom Attributes : Time (s): cpu = 00:00:05 ; elapsed = 00:00:05 . Memory (MB): peak = 3625.457 ; gain = 551.133 ; free physical = 57077 ; free virtual = 60066
---------------------------------------------------------------------------------
---------------------------------------------------------------------------------
Finished RTL Optimization Phase 1 : Time (s): cpu = 00:00:05 ; elapsed = 00:00:05 . Memory (MB): peak = 3625.457 ; gain = 551.133 ; free physical = 57077 ; free virtual = 60066
---------------------------------------------------------------------------------
Netlist sorting complete. Time (s): cpu = 00:00:00 ; elapsed = 00:00:00.01 . Memory (MB): peak = 3632.113 ; gain = 0.059 ; free physical = 57069 ; free virtual = 60058
INFO: [Netlist 29-17] Analyzing 1 Unisim elements for replacement
INFO: [Netlist 29-28] Unisim Transformation completed in 0 CPU seconds
INFO: [Project 1-570] Preparing netlist for logic optimization

Processing XDC Constraints
Initializing timing engine
Parsing XDC File [/workspace/ov7670/Basys3.xdc]
Finished Parsing XDC File [/workspace/ov7670/Basys3.xdc]
INFO: [Project 1-236] Implementation specific constraints were found while reading constraint file [/workspace/ov7670/Basys3.xdc]. These constraints will be ignored for synthesis but will be used in implementation. Impacted constraints are listed in the file [.Xil/top_level_propImpl.xdc].
Resolution: To avoid this warning, move constraints listed in [.Xil/top_level_propImpl.xdc] to another XDC file and exclude this new file from synthesis with the used_in_synthesis property (File Properties dialog in GUI) and re-run elaboration/synthesis.
INFO: [Timing 38-2] Deriving generated clocks
Completed Processing XDC Constraints

Netlist sorting complete. Time (s): cpu = 00:00:00 ; elapsed = 00:00:00 . Memory (MB): peak = 3769.188 ; gain = 0.000 ; free physical = 56894 ; free virtual = 59882
INFO: [Project 1-111] Unisim Transformation Summary:
  A total of 1 instances were transformed.
  MMCME2_BASE => MMCME2_ADV: 1 instance 

Constraint Validation Runtime : Time (s): cpu = 00:00:00.01 ; elapsed = 00:00:00 . Memory (MB): peak = 3769.324 ; gain = 0.078 ; free physical = 56894 ; free virtual = 59882
---------------------------------------------------------------------------------
Finished Constraint Validation : Time (s): cpu = 00:00:10 ; elapsed = 00:00:10 . Memory (MB): peak = 3770.547 ; gain = 696.223 ; free physical = 56872 ; free virtual = 59862
---------------------------------------------------------------------------------
---------------------------------------------------------------------------------
Start Loading Part and Timing Information
---------------------------------------------------------------------------------
Loading part: xc7a35tcpg236-1
---------------------------------------------------------------------------------
Finished Loading Part and Timing Information : Time (s): cpu = 00:00:10 ; elapsed = 00:00:10 . Memory (MB): peak = 3778.676 ; gain = 704.352 ; free physical = 56872 ; free virtual = 59862
---------------------------------------------------------------------------------
---------------------------------------------------------------------------------
Start Applying 'set_property' XDC Constraints
---------------------------------------------------------------------------------
---------------------------------------------------------------------------------
Finished applying 'set_property' XDC Constraints : Time (s): cpu = 00:00:10 ; elapsed = 00:00:10 . Memory (MB): peak = 3778.723 ; gain = 704.398 ; free physical = 56872 ; free virtual = 59862
---------------------------------------------------------------------------------
WARNING: [Synth 8-6040] Register address_reg_rep driving address of a ROM cannot be packed in BRAM/URAM because of presence of initial value.
---------------------------------------------------------------------------------
Finished RTL Optimization Phase 2 : Time (s): cpu = 00:00:10 ; elapsed = 00:00:11 . Memory (MB): peak = 3780.129 ; gain = 705.805 ; free physical = 56865 ; free virtual = 59854
---------------------------------------------------------------------------------
---------------------------------------------------------------------------------
Start RTL Component Statistics 
---------------------------------------------------------------------------------
Detailed RTL Component Info : 
+---Adders : 
	   2 Input   10 Bit       Adders := 2     
	   2 Input    8 Bit       Adders := 3     
+---Registers : 
	               32 Bit    Registers := 2     
	               16 Bit    Registers := 2     
	               12 Bit    Registers := 2     
	               10 Bit    Registers := 2     
	                8 Bit    Registers := 4     
	                1 Bit    Registers := 8     
+---RAMs : 
	            1536K Bit	(131072 X 12 bit)          RAMs := 1     
+---ROMs : 
	                    ROMs := 1     
+---Muxes : 
	   2 Input   32 Bit        Muxes := 2     
	   4 Input   17 Bit        Muxes := 2     
	   4 Input   16 Bit        Muxes := 1     
	   2 Input    8 Bit        Muxes := 3     
	   2 Input    1 Bit        Muxes := 1     
---------------------------------------------------------------------------------
Finished RTL Component Statistics 
---------------------------------------------------------------------------------
---------------------------------------------------------------------------------
Start Part Resource Summary
---------------------------------------------------------------------------------
Part Resources:
DSPs: 90 (col length:60)
BRAMs: 100 (col length: RAMB18 60 RAMB36 30)
---------------------------------------------------------------------------------
Finished Part Resource Summary
---------------------------------------------------------------------------------
---------------------------------------------------------------------------------
Start Cross Boundary and Area Optimization
---------------------------------------------------------------------------------
WARNING: [Synth 8-7080] Parallel synthesis criteria is not met
WARNING: [Synth 8-6040] Register Inst_ov7670_controller/Inst_OV7670_registers/address_reg_rep_rep driving address of a ROM cannot be packed in BRAM/URAM because of presence of initial value.
WARNING: [Synth 8-3917] design top_level has port ov7670_pwdn driven by constant 0
WARNING: [Synth 8-3917] design top_level has port ov7670_reset driven by constant 1
---------------------------------------------------------------------------------
Finished Cross Boundary and Area Optimization : Time (s): cpu = 00:00:11 ; elapsed = 00:00:12 . Memory (MB): peak = 3781.766 ; gain = 707.441 ; free physical = 56859 ; free virtual = 59848
---------------------------------------------------------------------------------
---------------------------------------------------------------------------------
Start ROM, RAM, DSP, Shift Register and Retiming Reporting
---------------------------------------------------------------------------------

ROM: Preliminary Mapping Report
+------------+-------------------------------------------------------+---------------+----------------+
|Module Name | RTL Object                                            | Depth x Width | Implemented As | 
+------------+-------------------------------------------------------+---------------+----------------+
|top_level   | Inst_ov7670_controller/Inst_OV7670_registers/sreg_reg | 256x16        | Block RAM      | 
+------------+-------------------------------------------------------+---------------+----------------+


Block RAM: Preliminary Mapping Report (see note below)
+------------+---------------------------+------------------------+---+---+-------------------------+---+---+------------------+--------+--------+
|Module Name | RTL Object                | PORT A (Depth x Width) | W | R | PORT B (Depth x Width)  | W | R | Ports driving FF | RAMB18 | RAMB36 | 
+------------+---------------------------+------------------------+---+---+-------------------------+---+---+------------------+--------+--------+
|top_level   | Inst_frame_buffer/ram_reg | 128 K x 12(NO_CHANGE)  | W |   | 128 K x 12(WRITE_FIRST) |   | R | Port A and B     | 0      | 48     | 
+------------+---------------------------+------------------------+---+---+-------------------------+---+---+------------------+--------+--------+

Note: The table above is a preliminary report that shows the Block RAMs at the current stage of the synthesis flow. Some Block RAMs may be reimplemented as non Block RAM primitives later in the synthesis flow. Multiple instantiated Block RAMs are reported only once. 
---------------------------------------------------------------------------------
Finished ROM, RAM, DSP, Shift Register and Retiming Reporting
---------------------------------------------------------------------------------
---------------------------------------------------------------------------------
Start Applying XDC Timing Constraints
---------------------------------------------------------------------------------
---------------------------------------------------------------------------------
Finished Applying XDC Timing Constraints : Time (s): cpu = 00:00:16 ; elapsed = 00:00:17 . Memory (MB): peak = 3823.617 ; gain = 749.293 ; free physical = 56806 ; free virtual = 59796
---------------------------------------------------------------------------------
---------------------------------------------------------------------------------
Start Timing Optimization
---------------------------------------------------------------------------------
---------------------------------------------------------------------------------
Finished Timing Optimization : Time (s): cpu = 00:00:16 ; elapsed = 00:00:17 . Memory (MB): peak = 3823.617 ; gain = 749.293 ; free physical = 56806 ; free virtual = 59796
---------------------------------------------------------------------------------
---------------------------------------------------------------------------------
Start ROM, RAM, DSP, Shift Register and Retiming Reporting
---------------------------------------------------------------------------------

Block RAM: Final Mapping Report
+------------+---------------------------+------------------------+---+---+-------------------------+---+---+------------------+--------+--------+
|Module Name | RTL Object                | PORT A (Depth x Width) | W | R | PORT B (Depth x Width)  | W | R | Ports driving FF | RAMB18 | RAMB36 | 
+------------+---------------------------+------------------------+---+---+-------------------------+---+---+------------------+--------+--------+
|top_level   | Inst_frame_buffer/ram_reg | 128 K x 12(NO_CHANGE)  | W |   | 128 K x 12(WRITE_FIRST) |   | R | Port A and B     | 0      | 48     | 
+------------+---------------------------+------------------------+---+---+-------------------------+---+---+------------------+--------+--------+

---------------------------------------------------------------------------------
Finished ROM, RAM, DSP, Shift Register and Retiming Reporting
---------------------------------------------------------------------------------
---------------------------------------------------------------------------------
Start Technology Mapping
---------------------------------------------------------------------------------
INFO: [Synth 8-7052] The timing for the instance Inst_frame_buffer/ram_reg_1_0 (implemented as a Block RAM) might be sub-optimal as no optional output register could be merged into the ram block. Providing additional output register may help in improving timing.
INFO: [Synth 8-7052] The timing for the instance Inst_frame_buffer/ram_reg_1_1 (implemented as a Block RAM) might be sub-optimal as no optional output register could be merged into the ram block. Providing additional output register may help in improving timing.
INFO: [Synth 8-7052] The timing for the instance Inst_frame_buffer/ram_reg_1_2 (implemented as a Block RAM) might be sub-optimal as no optional output register could be merged into the ram block. Providing additional output register may help in improving timing.
INFO: [Synth 8-7052] The timing for the instance Inst_frame_buffer/ram_reg_1_3 (implemented as a Block RAM) might be sub-optimal as no optional output register could be merged into the ram block. Providing additional output register may help in improving timing.
INFO: [Synth 8-7052] The timing for the instance Inst_frame_buffer/ram_reg_1_4 (implemented as a Block RAM) might be sub-optimal as no optional output register could be merged into the ram block. Providing additional output register may help in improving timing.
INFO: [Synth 8-7052] The timing for the instance Inst_frame_buffer/ram_reg_1_5 (implemented as a Block RAM) might be sub-optimal as no optional output register could be merged into the ram block. Providing additional output register may help in improving timing.
INFO: [Synth 8-7052] The timing for the instance Inst_frame_buffer/ram_reg_1_6 (implemented as a Block RAM) might be sub-optimal as no optional output register could be merged into the ram block. Providing additional output register may help in improving timing.
INFO: [Synth 8-7052] The timing for the instance Inst_frame_buffer/ram_reg_1_7 (implemented as a Block RAM) might be sub-optimal as no optional output register could be merged into the ram block. Providing additional output register may help in improving timing.
INFO: [Synth 8-7052] The timing for the instance Inst_frame_buffer/ram_reg_1_8 (implemented as a Block RAM) might be sub-optimal as no optional output register could be merged into the ram block. Providing additional output register may help in improving timing.
INFO: [Synth 8-7052] The timing for the instance Inst_frame_buffer/ram_reg_1_9 (implemented as a Block RAM) might be sub-optimal as no optional output register could be merged into the ram block. Providing additional output register may help in improving timing.
INFO: [Synth 8-7052] The timing for the instance Inst_frame_buffer/ram_reg_1_10 (implemented as a Block RAM) might be sub-optimal as no optional output register could be merged into the ram block. Providing additional output register may help in improving timing.
INFO: [Synth 8-7052] The timing for the instance Inst_frame_buffer/ram_reg_1_11 (implemented as a Block RAM) might be sub-optimal as no optional output register could be merged into the ram block. Providing additional output register may help in improving timing.
INFO: [Synth 8-7052] The timing for the instance Inst_frame_buffer/ram_reg_3_0 (implemented as a Block RAM) might be sub-optimal as no optional output register could be merged into the ram block. Providing additional output register may help in improving timing.
INFO: [Synth 8-7052] The timing for the instance Inst_frame_buffer/ram_reg_3_1 (implemented as a Block RAM) might be sub-optimal as no optional output register could be merged into the ram block. Providing additional output register may help in improving timing.
INFO: [Synth 8-7052] The timing for the instance Inst_frame_buffer/ram_reg_3_2 (implemented as a Block RAM) might be sub-optimal as no optional output register could be merged into the ram block. Providing additional output register may help in improving timing.
INFO: [Synth 8-7052] The timing for the instance Inst_frame_buffer/ram_reg_3_3 (implemented as a Block RAM) might be sub-optimal as no optional output register could be merged into the ram block. Providing additional output register may help in improving timing.
INFO: [Synth 8-7052] The timing for the instance Inst_frame_buffer/ram_reg_3_4 (implemented as a Block RAM) might be sub-optimal as no optional output register could be merged into the ram block. Providing additional output register may help in improving timing.
INFO: [Synth 8-7052] The timing for the instance Inst_frame_buffer/ram_reg_3_5 (implemented as a Block RAM) might be sub-optimal as no optional output register could be merged into the ram block. Providing additional output register may help in improving timing.
INFO: [Synth 8-7052] The timing for the instance Inst_frame_buffer/ram_reg_3_6 (implemented as a Block RAM) might be sub-optimal as no optional output register could be merged into the ram block. Providing additional output register may help in improving timing.
INFO: [Synth 8-7052] The timing for the instance Inst_frame_buffer/ram_reg_3_7 (implemented as a Block RAM) might be sub-optimal as no optional output register could be merged into the ram block. Providing additional output register may help in improving timing.
INFO: [Synth 8-7052] The timing for the instance Inst_frame_buffer/ram_reg_3_8 (implemented as a Block RAM) might be sub-optimal as no optional output register could be merged into the ram block. Providing additional output register may help in improving timing.
INFO: [Synth 8-7052] The timing for the instance Inst_frame_buffer/ram_reg_3_9 (implemented as a Block RAM) might be sub-optimal as no optional output register could be merged into the ram block. Providing additional output register may help in improving timing.
INFO: [Synth 8-7052] The timing for the instance Inst_frame_buffer/ram_reg_3_10 (implemented as a Block RAM) might be sub-optimal as no optional output register could be merged into the ram block. Providing additional output register may help in improving timing.
INFO: [Synth 8-7052] The timing for the instance Inst_frame_buffer/ram_reg_3_11 (implemented as a Block RAM) might be sub-optimal as no optional output register could be merged into the ram block. Providing additional output register may help in improving timing.
INFO: [Synth 8-7052] The timing for the instance Inst_ov7670_controller/Inst_OV7670_registers/sreg_reg (implemented as a Block RAM) might be sub-optimal as no optional output register could be merged into the ram block. Providing additional output register may help in improving timing.
---------------------------------------------------------------------------------
Finished Technology Mapping : Time (s): cpu = 00:00:16 ; elapsed = 00:00:17 . Memory (MB): peak = 3823.617 ; gain = 749.293 ; free physical = 56806 ; free virtual = 59796
---------------------------------------------------------------------------------
---------------------------------------------------------------------------------
Start IO Insertion
---------------------------------------------------------------------------------
---------------------------------------------------------------------------------
Start Flattening Before IO Insertion
---------------------------------------------------------------------------------
---------------------------------------------------------------------------------
Finished Flattening Before IO Insertion
---------------------------------------------------------------------------------
---------------------------------------------------------------------------------
Start Final Netlist Cleanup
---------------------------------------------------------------------------------
---------------------------------------------------------------------------------
Finished Final Netlist Cleanup
---------------------------------------------------------------------------------
---------------------------------------------------------------------------------
Finished IO Insertion : Time (s): cpu = 00:00:19 ; elapsed = 00:00:19 . Memory (MB): peak = 3823.617 ; gain = 749.293 ; free physical = 56806 ; free virtual = 59795
---------------------------------------------------------------------------------
---------------------------------------------------------------------------------
Start Renaming Generated Instances
---------------------------------------------------------------------------------
---------------------------------------------------------------------------------
Finished Renaming Generated Instances : Time (s): cpu = 00:00:19 ; elapsed = 00:00:20 . Memory (MB): peak = 3823.617 ; gain = 749.293 ; free physical = 56806 ; free virtual = 59795
---------------------------------------------------------------------------------
---------------------------------------------------------------------------------
Start Rebuilding User Hierarchy
---------------------------------------------------------------------------------
---------------------------------------------------------------------------------
Finished Rebuilding User Hierarchy : Time (s): cpu = 00:00:19 ; elapsed = 00:00:20 . Memory (MB): peak = 3823.617 ; gain = 749.293 ; free physical = 56806 ; free virtual = 59795
---------------------------------------------------------------------------------
---------------------------------------------------------------------------------
Start Renaming Generated Ports
---------------------------------------------------------------------------------
---------------------------------------------------------------------------------
Finished Renaming Generated Ports : Time (s): cpu = 00:00:19 ; elapsed = 00:00:20 . Memory (MB): peak = 3823.617 ; gain = 749.293 ; free physical = 56806 ; free virtual = 59795
---------------------------------------------------------------------------------
---------------------------------------------------------------------------------
Start Handling Custom Attributes
---------------------------------------------------------------------------------
---------------------------------------------------------------------------------
Finished Handling Custom Attributes : Time (s): cpu = 00:00:19 ; elapsed = 00:00:20 . Memory (MB): peak = 3823.617 ; gain = 749.293 ; free physical = 56806 ; free virtual = 59795
---------------------------------------------------------------------------------
---------------------------------------------------------------------------------
Start Renaming Generated Nets
---------------------------------------------------------------------------------
---------------------------------------------------------------------------------
Finished Renaming Generated Nets : Time (s): cpu = 00:00:19 ; elapsed = 00:00:20 . Memory (MB): peak = 3823.617 ; gain = 749.293 ; free physical = 56806 ; free virtual = 59795
---------------------------------------------------------------------------------
---------------------------------------------------------------------------------
Start Writing Synthesis Report
---------------------------------------------------------------------------------

Report BlackBoxes: 
+-+--------------+----------+
| |BlackBox name |Instances |
+-+--------------+----------+
+-+--------------+----------+

Report Cell Usage: 
+------+------------+------+
|      |Cell        |Count |
+------+------------+------+
|1     |BUFG        |     3|
|2     |CARRY4      |    16|
|3     |LUT1        |    11|
|4     |LUT2        |     9|
|5     |LUT3        |    28|
|6     |LUT4        |    91|
|7     |LUT5        |    63|
|8     |LUT6        |    19|
|9     |MMCME2_BASE |     1|
|10    |RAMB18E1    |     1|
|11    |RAMB36E1    |    48|
|13    |FDRE        |   162|
|14    |FDSE        |    36|
|15    |IBUF        |    15|
|16    |OBUF        |    19|
|17    |OBUFT       |     1|
+------+------------+------+
---------------------------------------------------------------------------------
Finished Writing Synthesis Report : Time (s): cpu = 00:00:19 ; elapsed = 00:00:20 . Memory (MB): peak = 3823.617 ; gain = 749.293 ; free physical = 56806 ; free virtual = 59795
---------------------------------------------------------------------------------
Synthesis finished with 0 errors, 0 critical warnings and 5 warnings.
Synthesis Optimization Runtime : Time (s): cpu = 00:00:17 ; elapsed = 00:00:18 . Memory (MB): peak = 3823.617 ; gain = 604.984 ; free physical = 56806 ; free virtual = 59795
Synthesis Optimization Complete : Time (s): cpu = 00:00:19 ; elapsed = 00:00:20 . Memory (MB): peak = 3823.617 ; gain = 749.293 ; free physical = 56806 ; free virtual = 59795
INFO: [Project 1-571] Translating synthesized netlist
Netlist sorting complete. Time (s): cpu = 00:00:00 ; elapsed = 00:00:00.01 . Memory (MB): peak = 3823.617 ; gain = 0.000 ; free physical = 57207 ; free virtual = 60196
INFO: [Netlist 29-17] Analyzing 66 Unisim elements for replacement
INFO: [Netlist 29-28] Unisim Transformation completed in 0 CPU seconds
INFO: [Project 1-570] Preparing netlist for logic optimization
INFO: [Opt 31-138] Pushed 0 inverter(s) to 0 load pin(s).
Netlist sorting complete. Time (s): cpu = 00:00:00 ; elapsed = 00:00:00 . Memory (MB): peak = 3823.617 ; gain = 0.000 ; free physical = 57207 ; free virtual = 60196
INFO: [Project 1-111] Unisim Transformation Summary:
  A total of 1 instances were transformed.
  MMCME2_BASE => MMCME2_ADV: 1 instance 

Synth Design complete | Checksum: aaff48ff
INFO: [Common 17-83] Releasing license: Synthesis
79 Infos, 13 Warnings, 0 Critical Warnings and 0 Errors encountered.
synth_design completed successfully
synth_design: Time (s): cpu = 00:00:29 ; elapsed = 00:00:24 . Memory (MB): peak = 3823.617 ; gain = 1123.438 ; free physical = 57207 ; free virtual = 60196
INFO: [Common 17-2834] synth_design peak Physical Memory [PSS] (MB): overall = 2438.716; main = 1927.098; forked = 589.794
INFO: [Common 17-2834] synth_design peak Virtual Memory [VSS] (MB): overall = 8350.547; main = 3815.098; forked = 4571.812
Write ShapeDB Complete: Time (s): cpu = 00:00:00.02 ; elapsed = 00:00:00.03 . Memory (MB): peak = 3840.492 ; gain = 0.402 ; free physical = 57207 ; free virtual = 60196
INFO: [Common 17-1381] The checkpoint '/workspace/ov7670/ov7670_cam/ov7670_cam.runs/synth_1/top_level.dcp' has been generated.
INFO: [Vivado 12-24828] Executing command : report_utilization -file top_level_utilization_synth.rpt -pb top_level_utilization_synth.pb
INFO: [Common 17-206] Exiting Vivado at Sat Mar 14 21:33:04 2026...
[Sat Mar 14 21:33:14 2026] synth_1 finished
wait_on_runs: Time (s): cpu = 00:00:42 ; elapsed = 00:00:48 . Memory (MB): peak = 2709.914 ; gain = 0.000 ; free physical = 58958 ; free virtual = 61946
# if { [get_property PROGRESS [get_runs synth_1]] != "100%" } { error "Synth failed" }
# launch_runs impl_1 -to_step write_bitstream -jobs 4
[Sat Mar 14 21:33:14 2026] Launched impl_1...
Run output will be captured here: /workspace/ov7670/ov7670_cam/ov7670_cam.runs/impl_1/runme.log
# wait_on_run impl_1
[Sat Mar 14 21:33:14 2026] Waiting for impl_1 to finish...

*** Running vivado
    with args -log top_level.vdi -applog -m64 -product Vivado -messageDb vivado.pb -mode batch -source top_level.tcl -notrace


****** Vivado v2024.1 (64-bit)
  **** SW Build 5076996 on Wed May 22 18:36:09 MDT 2024
  **** IP Build 5075265 on Wed May 22 21:45:21 MDT 2024
  **** SharedData Build 5076995 on Wed May 22 18:29:18 MDT 2024
  **** Start of session at: Sat Mar 14 21:33:20 2026
    ** Copyright 1986-2022 Xilinx, Inc. All Rights Reserved.
    ** Copyright 2022-2024 Advanced Micro Devices, Inc. All Rights Reserved.

source top_level.tcl -notrace
Command: link_design -top top_level -part xc7a35tcpg236-1
Design is defaulting to srcset: sources_1
Design is defaulting to constrset: constrs_1
INFO: [Device 21-403] Loading part xc7a35tcpg236-1
INFO: [Device 21-9227] Part: xc7a35tcpg236-1 does not have CEAM library.
Netlist sorting complete. Time (s): cpu = 00:00:00.01 ; elapsed = 00:00:00.01 . Memory (MB): peak = 3077.125 ; gain = 0.062 ; free physical = 58016 ; free virtual = 61004
INFO: [Netlist 29-17] Analyzing 66 Unisim elements for replacement
INFO: [Netlist 29-28] Unisim Transformation completed in 0 CPU seconds
INFO: [Project 1-479] Netlist was created with Vivado 2024.1
INFO: [Project 1-570] Preparing netlist for logic optimization
Parsing XDC File [/workspace/ov7670/Basys3.xdc]
Finished Parsing XDC File [/workspace/ov7670/Basys3.xdc]
INFO: [Opt 31-138] Pushed 0 inverter(s) to 0 load pin(s).
Netlist sorting complete. Time (s): cpu = 00:00:00 ; elapsed = 00:00:00 . Memory (MB): peak = 3304.449 ; gain = 0.000 ; free physical = 57890 ; free virtual = 60879
INFO: [Project 1-111] Unisim Transformation Summary:
No Unisim elements were transformed.

8 Infos, 0 Warnings, 0 Critical Warnings and 0 Errors encountered.
link_design completed successfully
Command: opt_design
Attempting to get a license for feature 'Implementation' and/or device 'xc7a35t'
INFO: [Common 17-349] Got license for feature 'Implementation' and/or device 'xc7a35t'
Running DRC as a precondition to command opt_design

Starting DRC Task
INFO: [DRC 23-27] Running DRC with 8 threads
INFO: [Project 1-461] DRC finished with 0 Errors, 1 Warnings
INFO: [Project 1-462] Please refer to the DRC report (report_drc) for more information.

Time (s): cpu = 00:00:00.93 ; elapsed = 00:00:00.56 . Memory (MB): peak = 3405.723 ; gain = 87.141 ; free physical = 57851 ; free virtual = 60839

Starting Cache Timing Information Task
INFO: [Timing 38-35] Done setting XDC timing constraints.
INFO: [Timing 38-2] Deriving generated clocks
Ending Cache Timing Information Task | Checksum: 2bb6b3ebf

Time (s): cpu = 00:00:05 ; elapsed = 00:00:06 . Memory (MB): peak = 3923.086 ; gain = 517.363 ; free physical = 57279 ; free virtual = 60267

Starting Logic Optimization Task

Phase 1 Initialization

Phase 1.1 Core Generation And Design Setup
Phase 1.1 Core Generation And Design Setup | Checksum: 2bb6b3ebf

Time (s): cpu = 00:00:00 ; elapsed = 00:00:00.01 . Memory (MB): peak = 4143.555 ; gain = 0.027 ; free physical = 57059 ; free virtual = 60047

Phase 1.2 Setup Constraints And Sort Netlist
Phase 1.2 Setup Constraints And Sort Netlist | Checksum: 2bb6b3ebf

Time (s): cpu = 00:00:00 ; elapsed = 00:00:00.01 . Memory (MB): peak = 4143.574 ; gain = 0.047 ; free physical = 57059 ; free virtual = 60047
Phase 1 Initialization | Checksum: 2bb6b3ebf

Time (s): cpu = 00:00:00 ; elapsed = 00:00:00.01 . Memory (MB): peak = 4143.574 ; gain = 0.047 ; free physical = 57059 ; free virtual = 60047

Phase 2 Timer Update And Timing Data Collection

Phase 2.1 Timer Update
Phase 2.1 Timer Update | Checksum: 2bb6b3ebf

Time (s): cpu = 00:00:00.06 ; elapsed = 00:00:00.07 . Memory (MB): peak = 4144.105 ; gain = 0.578 ; free physical = 57059 ; free virtual = 60047

Phase 2.2 Timing Data Collection
Phase 2.2 Timing Data Collection | Checksum: 2bb6b3ebf

Time (s): cpu = 00:00:00.07 ; elapsed = 00:00:00.07 . Memory (MB): peak = 4144.152 ; gain = 0.625 ; free physical = 57059 ; free virtual = 60047
Phase 2 Timer Update And Timing Data Collection | Checksum: 2bb6b3ebf

Time (s): cpu = 00:00:00.07 ; elapsed = 00:00:00.07 . Memory (MB): peak = 4144.152 ; gain = 0.625 ; free physical = 57059 ; free virtual = 60047

Phase 3 Retarget
INFO: [Opt 31-1834] Total Chains To Be Transformed Were: 0 AND Number of Transformed insts Created are: 0
INFO: [Opt 31-138] Pushed 1 inverter(s) to 20 load pin(s).
INFO: [Opt 31-49] Retargeted 0 cell(s).
Phase 3 Retarget | Checksum: 2803561ca

Time (s): cpu = 00:00:00.1 ; elapsed = 00:00:00.1 . Memory (MB): peak = 4144.555 ; gain = 1.027 ; free physical = 57059 ; free virtual = 60047
Retarget | Checksum: 2803561ca
INFO: [Opt 31-389] Phase Retarget created 0 cells and removed 1 cells
INFO: [Opt 31-1021] In phase Retarget, 1 netlist objects are constrained preventing optimization. Please run opt_design with -debug_log to get more detail. 

Phase 4 Constant propagation
INFO: [Opt 31-138] Pushed 0 inverter(s) to 0 load pin(s).
Phase 4 Constant propagation | Checksum: 2803561ca

Time (s): cpu = 00:00:00.1 ; elapsed = 00:00:00.11 . Memory (MB): peak = 4144.586 ; gain = 1.059 ; free physical = 57059 ; free virtual = 60047
Constant propagation | Checksum: 2803561ca
INFO: [Opt 31-389] Phase Constant propagation created 0 cells and removed 0 cells

Phase 5 Sweep
Phase 5 Sweep | Checksum: 28d89690c

Time (s): cpu = 00:00:00.12 ; elapsed = 00:00:00.12 . Memory (MB): peak = 4144.730 ; gain = 1.203 ; free physical = 57059 ; free virtual = 60047
Sweep | Checksum: 28d89690c
INFO: [Opt 31-389] Phase Sweep created 0 cells and removed 0 cells

Phase 6 BUFG optimization
Phase 6 BUFG optimization | Checksum: 28d89690c

Time (s): cpu = 00:00:00.14 ; elapsed = 00:00:00.14 . Memory (MB): peak = 4144.969 ; gain = 1.441 ; free physical = 57058 ; free virtual = 60046
BUFG optimization | Checksum: 28d89690c
INFO: [Opt 31-662] Phase BUFG optimization created 0 cells of which 0 are BUFGs and removed 0 cells.

Phase 7 Shift Register Optimization
INFO: [Opt 31-1064] SRL Remap converted 0 SRLs to 0 registers and converted 0 registers of register chains to 0 SRLs
Phase 7 Shift Register Optimization | Checksum: 28d89690c

Time (s): cpu = 00:00:00.14 ; elapsed = 00:00:00.14 . Memory (MB): peak = 4144.969 ; gain = 1.441 ; free physical = 57058 ; free virtual = 60046
Shift Register Optimization | Checksum: 28d89690c
INFO: [Opt 31-389] Phase Shift Register Optimization created 0 cells and removed 0 cells

Phase 8 Post Processing Netlist
Phase 8 Post Processing Netlist | Checksum: 28d89690c

Time (s): cpu = 00:00:00.14 ; elapsed = 00:00:00.15 . Memory (MB): peak = 4144.969 ; gain = 1.441 ; free physical = 57058 ; free virtual = 60046
Post Processing Netlist | Checksum: 28d89690c
INFO: [Opt 31-389] Phase Post Processing Netlist created 0 cells and removed 0 cells

Phase 9 Finalization

Phase 9.1 Finalizing Design Cores and Updating Shapes
Phase 9.1 Finalizing Design Cores and Updating Shapes | Checksum: 2b126fbf7

Time (s): cpu = 00:00:00.15 ; elapsed = 00:00:00.15 . Memory (MB): peak = 4144.969 ; gain = 1.441 ; free physical = 57058 ; free virtual = 60046

Phase 9.2 Verifying Netlist Connectivity

Starting Connectivity Check Task

Time (s): cpu = 00:00:00 ; elapsed = 00:00:00.01 . Memory (MB): peak = 4144.969 ; gain = 0.000 ; free physical = 57058 ; free virtual = 60046
Phase 9.2 Verifying Netlist Connectivity | Checksum: 2b126fbf7

Time (s): cpu = 00:00:00.15 ; elapsed = 00:00:00.16 . Memory (MB): peak = 4144.969 ; gain = 1.441 ; free physical = 57058 ; free virtual = 60046
Phase 9 Finalization | Checksum: 2b126fbf7

Time (s): cpu = 00:00:00.15 ; elapsed = 00:00:00.16 . Memory (MB): peak = 4144.969 ; gain = 1.441 ; free physical = 57058 ; free virtual = 60046
Opt_design Change Summary
=========================


-------------------------------------------------------------------------------------------------------------------------
|  Phase                        |  #Cells created  |  #Cells Removed  |  #Constrained objects preventing optimizations  |
-------------------------------------------------------------------------------------------------------------------------
|  Retarget                     |               0  |               1  |                                              1  |
|  Constant propagation         |               0  |               0  |                                              0  |
|  Sweep                        |               0  |               0  |                                              0  |
|  BUFG optimization            |               0  |               0  |                                              0  |
|  Shift Register Optimization  |               0  |               0  |                                              0  |
|  Post Processing Netlist      |               0  |               0  |                                              0  |
-------------------------------------------------------------------------------------------------------------------------


Ending Logic Optimization Task | Checksum: 2b126fbf7

Time (s): cpu = 00:00:00.15 ; elapsed = 00:00:00.16 . Memory (MB): peak = 4144.969 ; gain = 1.441 ; free physical = 57058 ; free virtual = 60046

Starting Power Optimization Task
INFO: [Pwropt 34-132] Skipping clock gating for clocks with a period < 2.00 ns.
INFO: [Timing 38-35] Done setting XDC timing constraints.
Running Vector-less Activity Propagation...

Finished Running Vector-less Activity Propagation
INFO: [Pwropt 34-9] Applying IDT optimizations ...
INFO: [Pwropt 34-10] Applying ODC optimizations ...


Starting PowerOpt Patch Enables Task
INFO: [Pwropt 34-162] WRITE_MODE attribute of 0 BRAM(s) out of a total of 49 has been updated to save power. Run report_power_opt to get a complete listing of the BRAMs updated.
INFO: [Pwropt 34-201] Structural ODC has moved 24 WE to EN ports
Number of BRAM Ports augmented: 48 newly gated: 25 Total Ports: 98
Number of Flops added for Enable Generation: 3

Ending PowerOpt Patch Enables Task | Checksum: 2e88bc325

Time (s): cpu = 00:00:00.1 ; elapsed = 00:00:00.1 . Memory (MB): peak = 4418.012 ; gain = 0.000 ; free physical = 56922 ; free virtual = 59910
Ending Power Optimization Task | Checksum: 2e88bc325

Time (s): cpu = 00:00:02 ; elapsed = 00:00:02 . Memory (MB): peak = 4418.012 ; gain = 273.043 ; free physical = 56922 ; free virtual = 59910

Starting Final Cleanup Task

Starting Logic Optimization Task
INFO: [Timing 38-35] Done setting XDC timing constraints.
Ending Logic Optimization Task | Checksum: 25b6d4961

Time (s): cpu = 00:00:00.12 ; elapsed = 00:00:00.05 . Memory (MB): peak = 4418.012 ; gain = 0.000 ; free physical = 56918 ; free virtual = 59906
Ending Final Cleanup Task | Checksum: 25b6d4961

Time (s): cpu = 00:00:02 ; elapsed = 00:00:01 . Memory (MB): peak = 4418.012 ; gain = 0.000 ; free physical = 56918 ; free virtual = 59906

Starting Netlist Obfuscation Task
Netlist sorting complete. Time (s): cpu = 00:00:00 ; elapsed = 00:00:00 . Memory (MB): peak = 4418.012 ; gain = 0.000 ; free physical = 56918 ; free virtual = 59906
Ending Netlist Obfuscation Task | Checksum: 25b6d4961

Time (s): cpu = 00:00:00 ; elapsed = 00:00:00 . Memory (MB): peak = 4418.012 ; gain = 0.000 ; free physical = 56918 ; free virtual = 59906
INFO: [Common 17-83] Releasing license: Implementation
34 Infos, 0 Warnings, 0 Critical Warnings and 0 Errors encountered.
opt_design completed successfully
opt_design: Time (s): cpu = 00:00:11 ; elapsed = 00:00:11 . Memory (MB): peak = 4418.012 ; gain = 1099.504 ; free physical = 56918 ; free virtual = 59906
INFO: [Vivado 12-24828] Executing command : report_drc -file top_level_drc_opted.rpt -pb top_level_drc_opted.pb -rpx top_level_drc_opted.rpx
Command: report_drc -file top_level_drc_opted.rpt -pb top_level_drc_opted.pb -rpx top_level_drc_opted.rpx
INFO: [IP_Flow 19-234] Refreshing IP repositories
INFO: [IP_Flow 19-1704] No user IP repositories specified
INFO: [IP_Flow 19-2313] Loaded Vivado IP repository '/opt/Xilinx/Vivado/2024.1/data/ip'.
INFO: [DRC 23-27] Running DRC with 8 threads
INFO: [Vivado_Tcl 2-168] The results of DRC are in file /workspace/ov7670/ov7670_cam/ov7670_cam.runs/impl_1/top_level_drc_opted.rpt.
report_drc completed successfully
INFO: [Timing 38-480] Writing timing data to binary archive.
Wrote PlaceDB: Time (s): cpu = 00:00:00.04 ; elapsed = 00:00:00.03 . Memory (MB): peak = 4418.012 ; gain = 0.000 ; free physical = 56901 ; free virtual = 59890
Write ShapeDB Complete: Time (s): cpu = 00:00:00.06 ; elapsed = 00:00:00.04 . Memory (MB): peak = 4418.012 ; gain = 0.000 ; free physical = 56901 ; free virtual = 59889
Wrote PulsedLatchDB: Time (s): cpu = 00:00:00 ; elapsed = 00:00:00 . Memory (MB): peak = 4418.012 ; gain = 0.000 ; free physical = 56901 ; free virtual = 59889
Writing XDEF routing.
Writing XDEF routing logical nets.
Writing XDEF routing special nets.
Wrote RouteStorage: Time (s): cpu = 00:00:00.07 ; elapsed = 00:00:00.03 . Memory (MB): peak = 4418.012 ; gain = 0.000 ; free physical = 56900 ; free virtual = 59889
Wrote Netlist Cache: Time (s): cpu = 00:00:00 ; elapsed = 00:00:00 . Memory (MB): peak = 4418.012 ; gain = 0.000 ; free physical = 56900 ; free virtual = 59889
Wrote Device Cache: Time (s): cpu = 00:00:00.01 ; elapsed = 00:00:00 . Memory (MB): peak = 4418.012 ; gain = 0.000 ; free physical = 56899 ; free virtual = 59888
Write Physdb Complete: Time (s): cpu = 00:00:00.14 ; elapsed = 00:00:00.09 . Memory (MB): peak = 4418.012 ; gain = 0.000 ; free physical = 56899 ; free virtual = 59888
INFO: [Common 17-1381] The checkpoint '/workspace/ov7670/ov7670_cam/ov7670_cam.runs/impl_1/top_level_opt.dcp' has been generated.
Command: place_design
Attempting to get a license for feature 'Implementation' and/or device 'xc7a35t'
INFO: [Common 17-349] Got license for feature 'Implementation' and/or device 'xc7a35t'
INFO: [Common 17-83] Releasing license: Implementation
INFO: [DRC 23-27] Running DRC with 8 threads
INFO: [Vivado_Tcl 4-198] DRC finished with 0 Errors
INFO: [Vivado_Tcl 4-199] Please refer to the DRC report (report_drc) for more information.
Running DRC as a precondition to command place_design
INFO: [DRC 23-27] Running DRC with 8 threads
INFO: [Vivado_Tcl 4-198] DRC finished with 0 Errors, 1 Warnings
INFO: [Vivado_Tcl 4-199] Please refer to the DRC report (report_drc) for more information.
INFO: [Place 30-611] Multithreading enabled for place_design using a maximum of 8 CPUs

Starting Placer Task

Phase 1 Placer Initialization

Phase 1.1 Placer Initialization Netlist Sorting
Netlist sorting complete. Time (s): cpu = 00:00:00 ; elapsed = 00:00:00 . Memory (MB): peak = 4418.012 ; gain = 0.000 ; free physical = 56891 ; free virtual = 59880
Phase 1.1 Placer Initialization Netlist Sorting | Checksum: 23682bf81

Time (s): cpu = 00:00:00 ; elapsed = 00:00:00.01 . Memory (MB): peak = 4418.012 ; gain = 0.000 ; free physical = 56891 ; free virtual = 59880
Netlist sorting complete. Time (s): cpu = 00:00:00 ; elapsed = 00:00:00 . Memory (MB): peak = 4418.012 ; gain = 0.000 ; free physical = 56891 ; free virtual = 59880

Phase 1.2 IO Placement/ Clock Placement/ Build Placer Device
INFO: [Timing 38-35] Done setting XDC timing constraints.
Phase 1.2 IO Placement/ Clock Placement/ Build Placer Device | Checksum: 1a28d73fe

Time (s): cpu = 00:00:00.3 ; elapsed = 00:00:00.14 . Memory (MB): peak = 4418.012 ; gain = 0.000 ; free physical = 56891 ; free virtual = 59880

Phase 1.3 Build Placer Netlist Model
Phase 1.3 Build Placer Netlist Model | Checksum: 22719f7d9

Time (s): cpu = 00:00:00.61 ; elapsed = 00:00:00.42 . Memory (MB): peak = 4418.012 ; gain = 0.000 ; free physical = 56889 ; free virtual = 59878

Phase 1.4 Constrain Clocks/Macros
Phase 1.4 Constrain Clocks/Macros | Checksum: 22719f7d9

Time (s): cpu = 00:00:00.61 ; elapsed = 00:00:00.43 . Memory (MB): peak = 4418.012 ; gain = 0.000 ; free physical = 56889 ; free virtual = 59878
Phase 1 Placer Initialization | Checksum: 22719f7d9

Time (s): cpu = 00:00:00.62 ; elapsed = 00:00:00.44 . Memory (MB): peak = 4418.012 ; gain = 0.000 ; free physical = 56889 ; free virtual = 59878

Phase 2 Global Placement

Phase 2.1 Floorplanning
Phase 2.1 Floorplanning | Checksum: 1e0f3d388

Time (s): cpu = 00:00:00.76 ; elapsed = 00:00:00.55 . Memory (MB): peak = 4418.012 ; gain = 0.000 ; free physical = 57122 ; free virtual = 60110

Phase 2.2 Update Timing before SLR Path Opt
Phase 2.2 Update Timing before SLR Path Opt | Checksum: 29221c782

Time (s): cpu = 00:00:00.8 ; elapsed = 00:00:00.59 . Memory (MB): peak = 4418.012 ; gain = 0.000 ; free physical = 57130 ; free virtual = 60119

Phase 2.3 Post-Processing in Floorplanning
Phase 2.3 Post-Processing in Floorplanning | Checksum: 29221c782

Time (s): cpu = 00:00:00.8 ; elapsed = 00:00:00.6 . Memory (MB): peak = 4418.012 ; gain = 0.000 ; free physical = 57130 ; free virtual = 60119

Phase 2.4 Global Placement Core

Phase 2.4.1 UpdateTiming Before Physical Synthesis
Phase 2.4.1 UpdateTiming Before Physical Synthesis | Checksum: 216c0b0cb

Time (s): cpu = 00:00:02 ; elapsed = 00:00:02 . Memory (MB): peak = 4418.012 ; gain = 0.000 ; free physical = 57149 ; free virtual = 60138

Phase 2.4.2 Physical Synthesis In Placer
INFO: [Physopt 32-1035] Found 0 LUTNM shape to break, 161 LUT instances to create LUTNM shape
INFO: [Physopt 32-1044] Break lutnm for timing: one critical 0, two critical 0, total 0, new lutff created 0
INFO: [Physopt 32-1138] End 1 Pass. Optimized 72 nets or LUTs. Breaked 0 LUT, combined 72 existing LUTs and moved 0 existing LUT
INFO: [Physopt 32-65] No nets found for high-fanout optimization.
INFO: [Physopt 32-232] Optimized 0 net. Created 0 new instance.
INFO: [Physopt 32-775] End 1 Pass. Optimized 0 net or cell. Created 0 new cell, deleted 0 existing cell and moved 0 existing cell
INFO: [Physopt 32-670] No setup violation found.  DSP Register Optimization was not performed.
INFO: [Physopt 32-670] No setup violation found.  Shift Register to Pipeline Optimization was not performed.
INFO: [Physopt 32-670] No setup violation found.  Shift Register Optimization was not performed.
INFO: [Physopt 32-670] No setup violation found.  BRAM Register Optimization was not performed.
INFO: [Physopt 32-670] No setup violation found.  URAM Register Optimization was not performed.
INFO: [Physopt 32-949] No candidate nets found for dynamic/static region interface net replication
INFO: [Physopt 32-775] End 1 Pass. Optimized 0 net or cell. Created 0 new cell, deleted 0 existing cell and moved 0 existing cell
Netlist sorting complete. Time (s): cpu = 00:00:00 ; elapsed = 00:00:00 . Memory (MB): peak = 4418.012 ; gain = 0.000 ; free physical = 57150 ; free virtual = 60138

Summary of Physical Synthesis Optimizations
============================================


-----------------------------------------------------------------------------------------------------------------------------------------------------------
|  Optimization                                     |  Added Cells  |  Removed Cells  |  Optimized Cells/Nets  |  Dont Touch  |  Iterations  |  Elapsed   |
-----------------------------------------------------------------------------------------------------------------------------------------------------------
|  LUT Combining                                    |            0  |             72  |                    72  |           0  |           1  |  00:00:00  |
|  Retime                                           |            0  |              0  |                     0  |           0  |           1  |  00:00:00  |
|  Very High Fanout                                 |            0  |              0  |                     0  |           0  |           1  |  00:00:00  |
|  DSP Register                                     |            0  |              0  |                     0  |           0  |           0  |  00:00:00  |
|  Shift Register to Pipeline                       |            0  |              0  |                     0  |           0  |           0  |  00:00:00  |
|  Shift Register                                   |            0  |              0  |                     0  |           0  |           0  |  00:00:00  |
|  BRAM Register                                    |            0  |              0  |                     0  |           0  |           0  |  00:00:00  |
|  URAM Register                                    |            0  |              0  |                     0  |           0  |           0  |  00:00:00  |
|  Dynamic/Static Region Interface Net Replication  |            0  |              0  |                     0  |           0  |           1  |  00:00:00  |
|  Total                                            |            0  |             72  |                    72  |           0  |           4  |  00:00:00  |
-----------------------------------------------------------------------------------------------------------------------------------------------------------


Phase 2.4.2 Physical Synthesis In Placer | Checksum: 1f8e843a0

Time (s): cpu = 00:00:03 ; elapsed = 00:00:02 . Memory (MB): peak = 4418.012 ; gain = 0.000 ; free physical = 57150 ; free virtual = 60139
Phase 2.4 Global Placement Core | Checksum: 1868a7d9c

Time (s): cpu = 00:00:03 ; elapsed = 00:00:02 . Memory (MB): peak = 4418.012 ; gain = 0.000 ; free physical = 57152 ; free virtual = 60140
Phase 2 Global Placement | Checksum: 1868a7d9c

Time (s): cpu = 00:00:03 ; elapsed = 00:00:02 . Memory (MB): peak = 4418.012 ; gain = 0.000 ; free physical = 57152 ; free virtual = 60140

Phase 3 Detail Placement

Phase 3.1 Commit Multi Column Macros
Phase 3.1 Commit Multi Column Macros | Checksum: 20149587d

Time (s): cpu = 00:00:03 ; elapsed = 00:00:02 . Memory (MB): peak = 4418.012 ; gain = 0.000 ; free physical = 57151 ; free virtual = 60139

Phase 3.2 Commit Most Macros & LUTRAMs
Phase 3.2 Commit Most Macros & LUTRAMs | Checksum: 1e658d9c3

Time (s): cpu = 00:00:03 ; elapsed = 00:00:02 . Memory (MB): peak = 4418.012 ; gain = 0.000 ; free physical = 57151 ; free virtual = 60139

Phase 3.3 Area Swap Optimization
Phase 3.3 Area Swap Optimization | Checksum: 1ec03acd6

Time (s): cpu = 00:00:03 ; elapsed = 00:00:02 . Memory (MB): peak = 4418.012 ; gain = 0.000 ; free physical = 57151 ; free virtual = 60139

Phase 3.4 Pipeline Register Optimization
Phase 3.4 Pipeline Register Optimization | Checksum: 12268a2f9

Time (s): cpu = 00:00:03 ; elapsed = 00:00:02 . Memory (MB): peak = 4418.012 ; gain = 0.000 ; free physical = 57151 ; free virtual = 60140

Phase 3.5 Small Shape Detail Placement
Phase 3.5 Small Shape Detail Placement | Checksum: 19594de49

Time (s): cpu = 00:00:03 ; elapsed = 00:00:03 . Memory (MB): peak = 4418.012 ; gain = 0.000 ; free physical = 57150 ; free virtual = 60138

Phase 3.6 Re-assign LUT pins
Phase 3.6 Re-assign LUT pins | Checksum: 1c6505b63

Time (s): cpu = 00:00:03 ; elapsed = 00:00:03 . Memory (MB): peak = 4418.012 ; gain = 0.000 ; free physical = 57150 ; free virtual = 60138

Phase 3.7 Pipeline Register Optimization
Phase 3.7 Pipeline Register Optimization | Checksum: 1822ca259

Time (s): cpu = 00:00:03 ; elapsed = 00:00:03 . Memory (MB): peak = 4418.012 ; gain = 0.000 ; free physical = 57150 ; free virtual = 60138
Phase 3 Detail Placement | Checksum: 1822ca259

Time (s): cpu = 00:00:03 ; elapsed = 00:00:03 . Memory (MB): peak = 4418.012 ; gain = 0.000 ; free physical = 57150 ; free virtual = 60138

Phase 4 Post Placement Optimization and Clean-Up

Phase 4.1 Post Commit Optimization
INFO: [Timing 38-35] Done setting XDC timing constraints.

Phase 4.1.1 Post Placement Optimization
Post Placement Optimization Initialization | Checksum: 21c8d4231

Phase 4.1.1.1 BUFG Insertion

Starting Physical Synthesis Task

Phase 1 Physical Synthesis Initialization
INFO: [Physopt 32-721] Multithreading enabled for phys_opt_design using a maximum of 8 CPUs
INFO: [Physopt 32-619] Estimated Timing Summary | WNS=15.330 | TNS=0.000 |
Phase 1 Physical Synthesis Initialization | Checksum: 14a5c116a

Time (s): cpu = 00:00:00.1 ; elapsed = 00:00:00.03 . Memory (MB): peak = 4418.012 ; gain = 0.000 ; free physical = 57149 ; free virtual = 60137
INFO: [Place 46-56] BUFG insertion identified 0 candidate nets. Inserted BUFG: 0, Replicated BUFG Driver: 0, Skipped due to Placement/Routing Conflicts: 0, Skipped due to Timing Degradation: 0, Skipped due to netlist editing failed: 0.
Ending Physical Synthesis Task | Checksum: 203915a5c

Time (s): cpu = 00:00:00.11 ; elapsed = 00:00:00.04 . Memory (MB): peak = 4418.012 ; gain = 0.000 ; free physical = 57149 ; free virtual = 60137
Phase 4.1.1.1 BUFG Insertion | Checksum: 21c8d4231

Time (s): cpu = 00:00:04 ; elapsed = 00:00:03 . Memory (MB): peak = 4418.012 ; gain = 0.000 ; free physical = 57149 ; free virtual = 60137

Phase 4.1.1.2 Post Placement Timing Optimization
INFO: [Place 30-746] Post Placement Timing Summary WNS=15.330. For the most accurate timing information please run report_timing.
Phase 4.1.1.2 Post Placement Timing Optimization | Checksum: 2cba3d17e

Time (s): cpu = 00:00:04 ; elapsed = 00:00:03 . Memory (MB): peak = 4418.012 ; gain = 0.000 ; free physical = 57149 ; free virtual = 60137

Time (s): cpu = 00:00:04 ; elapsed = 00:00:03 . Memory (MB): peak = 4418.012 ; gain = 0.000 ; free physical = 57149 ; free virtual = 60137
Phase 4.1 Post Commit Optimization | Checksum: 2cba3d17e

Time (s): cpu = 00:00:04 ; elapsed = 00:00:03 . Memory (MB): peak = 4418.012 ; gain = 0.000 ; free physical = 57149 ; free virtual = 60137

Phase 4.2 Post Placement Cleanup
Phase 4.2 Post Placement Cleanup | Checksum: 2cba3d17e

Time (s): cpu = 00:00:04 ; elapsed = 00:00:03 . Memory (MB): peak = 4418.012 ; gain = 0.000 ; free physical = 57149 ; free virtual = 60137

Phase 4.3 Placer Reporting

Phase 4.3.1 Print Estimated Congestion
INFO: [Place 30-612] Post-Placement Estimated Congestion 
 ____________________________________________________
|           | Global Congestion | Short Congestion  |
| Direction | Region Size       | Region Size       |
|___________|___________________|___________________|
|      North|                1x1|                1x1|
|___________|___________________|___________________|
|      South|                1x1|                1x1|
|___________|___________________|___________________|
|       East|                1x1|                1x1|
|___________|___________________|___________________|
|       West|                1x1|                1x1|
|___________|___________________|___________________|

Phase 4.3.1 Print Estimated Congestion | Checksum: 2cba3d17e

Time (s): cpu = 00:00:04 ; elapsed = 00:00:03 . Memory (MB): peak = 4418.012 ; gain = 0.000 ; free physical = 57149 ; free virtual = 60137
Phase 4.3 Placer Reporting | Checksum: 2cba3d17e

Time (s): cpu = 00:00:04 ; elapsed = 00:00:03 . Memory (MB): peak = 4418.012 ; gain = 0.000 ; free physical = 57149 ; free virtual = 60137

Phase 4.4 Final Placement Cleanup
Netlist sorting complete. Time (s): cpu = 00:00:00 ; elapsed = 00:00:00 . Memory (MB): peak = 4418.012 ; gain = 0.000 ; free physical = 57149 ; free virtual = 60137

Time (s): cpu = 00:00:04 ; elapsed = 00:00:03 . Memory (MB): peak = 4418.012 ; gain = 0.000 ; free physical = 57149 ; free virtual = 60137
Phase 4 Post Placement Optimization and Clean-Up | Checksum: 2af28f687

Time (s): cpu = 00:00:04 ; elapsed = 00:00:03 . Memory (MB): peak = 4418.012 ; gain = 0.000 ; free physical = 57149 ; free virtual = 60137
Ending Placer Task | Checksum: 1c22bf585

Time (s): cpu = 00:00:04 ; elapsed = 00:00:03 . Memory (MB): peak = 4418.012 ; gain = 0.000 ; free physical = 57149 ; free virtual = 60137
71 Infos, 0 Warnings, 0 Critical Warnings and 0 Errors encountered.
place_design completed successfully
INFO: [Vivado 12-24838] Running report commands "report_control_sets, report_io, report_utilization" in parallel.
Running report generation with 3 threads.
INFO: [Vivado 12-24828] Executing command : report_control_sets -verbose -file top_level_control_sets_placed.rpt
report_control_sets: Time (s): cpu = 00:00:00.02 ; elapsed = 00:00:00.01 . Memory (MB): peak = 4418.012 ; gain = 0.000 ; free physical = 57147 ; free virtual = 60136
INFO: [Vivado 12-24828] Executing command : report_utilization -file top_level_utilization_placed.rpt -pb top_level_utilization_placed.pb
INFO: [Vivado 12-24828] Executing command : report_io -file top_level_io_placed.rpt
report_io: Time (s): cpu = 00:00:00.08 ; elapsed = 00:00:00.06 . Memory (MB): peak = 4418.012 ; gain = 0.000 ; free physical = 57147 ; free virtual = 60136
Write ShapeDB Complete: Time (s): cpu = 00:00:00 ; elapsed = 00:00:00.01 . Memory (MB): peak = 4418.012 ; gain = 0.000 ; free physical = 57148 ; free virtual = 60136
INFO: [Timing 38-480] Writing timing data to binary archive.
Wrote PlaceDB: Time (s): cpu = 00:00:00.13 ; elapsed = 00:00:00.09 . Memory (MB): peak = 4418.012 ; gain = 0.000 ; free physical = 57146 ; free virtual = 60136
Wrote PulsedLatchDB: Time (s): cpu = 00:00:00 ; elapsed = 00:00:00 . Memory (MB): peak = 4418.012 ; gain = 0.000 ; free physical = 57146 ; free virtual = 60136
Writing XDEF routing.
Writing XDEF routing logical nets.
Writing XDEF routing special nets.
Wrote RouteStorage: Time (s): cpu = 00:00:00.01 ; elapsed = 00:00:00.01 . Memory (MB): peak = 4418.012 ; gain = 0.000 ; free physical = 57146 ; free virtual = 60135
Wrote Netlist Cache: Time (s): cpu = 00:00:00 ; elapsed = 00:00:00 . Memory (MB): peak = 4418.012 ; gain = 0.000 ; free physical = 57146 ; free virtual = 60135
Wrote Device Cache: Time (s): cpu = 00:00:00 ; elapsed = 00:00:00.01 . Memory (MB): peak = 4418.012 ; gain = 0.000 ; free physical = 57146 ; free virtual = 60135
Write Physdb Complete: Time (s): cpu = 00:00:00.14 ; elapsed = 00:00:00.11 . Memory (MB): peak = 4418.012 ; gain = 0.000 ; free physical = 57146 ; free virtual = 60135
INFO: [Common 17-1381] The checkpoint '/workspace/ov7670/ov7670_cam/ov7670_cam.runs/impl_1/top_level_placed.dcp' has been generated.
Command: phys_opt_design
Attempting to get a license for feature 'Implementation' and/or device 'xc7a35t'
INFO: [Common 17-349] Got license for feature 'Implementation' and/or device 'xc7a35t'

Starting Initial Update Timing Task

Time (s): cpu = 00:00:00.23 ; elapsed = 00:00:00.15 . Memory (MB): peak = 4418.012 ; gain = 0.000 ; free physical = 57144 ; free virtual = 60133
INFO: [Vivado_Tcl 4-2279] Estimated Timing Summary | WNS= 15.330 | TNS= 0.000 | 
INFO: [Vivado_Tcl 4-383] Design worst setup slack (WNS) is greater than or equal to 0.000 ns. All physical synthesis setup optimizations will be skipped.
INFO: [Vivado_Tcl 4-232] No setup violation found. The netlist was not modified.
INFO: [Common 17-83] Releasing license: Implementation
82 Infos, 0 Warnings, 0 Critical Warnings and 0 Errors encountered.
phys_opt_design completed successfully
Write ShapeDB Complete: Time (s): cpu = 00:00:00.01 ; elapsed = 00:00:00 . Memory (MB): peak = 4418.012 ; gain = 0.000 ; free physical = 57144 ; free virtual = 60133
INFO: [Timing 38-480] Writing timing data to binary archive.
Wrote PlaceDB: Time (s): cpu = 00:00:00.12 ; elapsed = 00:00:00.1 . Memory (MB): peak = 4418.012 ; gain = 0.000 ; free physical = 57135 ; free virtual = 60125
Wrote PulsedLatchDB: Time (s): cpu = 00:00:00 ; elapsed = 00:00:00 . Memory (MB): peak = 4418.012 ; gain = 0.000 ; free physical = 57135 ; free virtual = 60125
Writing XDEF routing.
Writing XDEF routing logical nets.
Writing XDEF routing special nets.
Wrote RouteStorage: Time (s): cpu = 00:00:00.01 ; elapsed = 00:00:00.01 . Memory (MB): peak = 4418.012 ; gain = 0.000 ; free physical = 57135 ; free virtual = 60123
Wrote Netlist Cache: Time (s): cpu = 00:00:00 ; elapsed = 00:00:00 . Memory (MB): peak = 4418.012 ; gain = 0.000 ; free physical = 57135 ; free virtual = 60123
Wrote Device Cache: Time (s): cpu = 00:00:00.01 ; elapsed = 00:00:00 . Memory (MB): peak = 4418.012 ; gain = 0.000 ; free physical = 57135 ; free virtual = 60124
Write Physdb Complete: Time (s): cpu = 00:00:00.14 ; elapsed = 00:00:00.12 . Memory (MB): peak = 4418.012 ; gain = 0.000 ; free physical = 57135 ; free virtual = 60124
INFO: [Common 17-1381] The checkpoint '/workspace/ov7670/ov7670_cam/ov7670_cam.runs/impl_1/top_level_physopt.dcp' has been generated.
Command: route_design
Attempting to get a license for feature 'Implementation' and/or device 'xc7a35t'
INFO: [Common 17-349] Got license for feature 'Implementation' and/or device 'xc7a35t'
Running DRC as a precondition to command route_design
INFO: [DRC 23-27] Running DRC with 8 threads
INFO: [Vivado_Tcl 4-198] DRC finished with 0 Errors
INFO: [Vivado_Tcl 4-199] Please refer to the DRC report (report_drc) for more information.


Starting Routing Task
INFO: [Route 35-254] Multithreading enabled for route_design using a maximum of 8 CPUs

Phase 1 Build RT Design
Checksum: PlaceDB: 569a5e50 ConstDB: 0 ShapeSum: cb103ade RouteDB: a0815c57
Post Restoration Checksum: NetGraph: 29dca2e8 | NumContArr: dd63078a | Constraints: c2a8fa9d | Timing: c2a8fa9d
Phase 1 Build RT Design | Checksum: 28c919fac

Time (s): cpu = 00:00:10 ; elapsed = 00:00:09 . Memory (MB): peak = 4456.832 ; gain = 38.820 ; free physical = 57097 ; free virtual = 60086

Phase 2 Router Initialization

Phase 2.1 Fix Topology Constraints
Phase 2.1 Fix Topology Constraints | Checksum: 28c919fac

Time (s): cpu = 00:00:10 ; elapsed = 00:00:09 . Memory (MB): peak = 4456.832 ; gain = 38.820 ; free physical = 57097 ; free virtual = 60086

Phase 2.2 Pre Route Cleanup
Phase 2.2 Pre Route Cleanup | Checksum: 28c919fac

Time (s): cpu = 00:00:10 ; elapsed = 00:00:09 . Memory (MB): peak = 4456.832 ; gain = 38.820 ; free physical = 57097 ; free virtual = 60086
 Number of Nodes with overlaps = 0

Phase 2.3 Update Timing
Phase 2.3 Update Timing | Checksum: 261f7a559

Time (s): cpu = 00:00:11 ; elapsed = 00:00:09 . Memory (MB): peak = 4475.746 ; gain = 57.734 ; free physical = 57079 ; free virtual = 60067
INFO: [Route 35-416] Intermediate Timing Summary | WNS=15.257 | TNS=0.000  | WHS=-0.332 | THS=-6.941 |


Router Utilization Summary
  Global Vertical Routing Utilization    = 0 %
  Global Horizontal Routing Utilization  = 0 %
  Routable Net Status*
  *Does not include unroutable nets such as driverless and loadless.
  Run report_route_status for detailed report.
  Number of Failed Nets               = 524
    (Failed Nets is the sum of unrouted and partially routed nets)
  Number of Unrouted Nets             = 524
  Number of Partially Routed Nets     = 0
  Number of Node Overlaps             = 0

Phase 2 Router Initialization | Checksum: 2903ae7f5

Time (s): cpu = 00:00:11 ; elapsed = 00:00:10 . Memory (MB): peak = 4476.113 ; gain = 58.102 ; free physical = 57069 ; free virtual = 60057

Phase 3 Global Routing
Phase 3 Global Routing | Checksum: 2903ae7f5

Time (s): cpu = 00:00:11 ; elapsed = 00:00:10 . Memory (MB): peak = 4476.145 ; gain = 58.133 ; free physical = 57069 ; free virtual = 60057

Phase 4 Initial Routing

Phase 4.1 Initial Net Routing Pass
Phase 4.1 Initial Net Routing Pass | Checksum: 29bba2e2f

Time (s): cpu = 00:00:12 ; elapsed = 00:00:10 . Memory (MB): peak = 4476.766 ; gain = 58.754 ; free physical = 57063 ; free virtual = 60051
Phase 4 Initial Routing | Checksum: 29bba2e2f

Time (s): cpu = 00:00:12 ; elapsed = 00:00:10 . Memory (MB): peak = 4476.793 ; gain = 58.781 ; free physical = 57063 ; free virtual = 60051

Phase 5 Rip-up And Reroute

Phase 5.1 Global Iteration 0
 Number of Nodes with overlaps = 14
 Number of Nodes with overlaps = 0
INFO: [Route 35-416] Intermediate Timing Summary | WNS=15.014 | TNS=0.000  | WHS=N/A    | THS=N/A    |

Phase 5.1 Global Iteration 0 | Checksum: 2f490aec3

Time (s): cpu = 00:00:12 ; elapsed = 00:00:10 . Memory (MB): peak = 4477.324 ; gain = 59.312 ; free physical = 57058 ; free virtual = 60047

Phase 5.2 Global Iteration 1
 Number of Nodes with overlaps = 1
 Number of Nodes with overlaps = 0
INFO: [Route 35-416] Intermediate Timing Summary | WNS=15.014 | TNS=0.000  | WHS=N/A    | THS=N/A    |

Phase 5.2 Global Iteration 1 | Checksum: 3018b7244

Time (s): cpu = 00:00:12 ; elapsed = 00:00:10 . Memory (MB): peak = 4477.359 ; gain = 59.348 ; free physical = 57058 ; free virtual = 60047
Phase 5 Rip-up And Reroute | Checksum: 3018b7244

Time (s): cpu = 00:00:12 ; elapsed = 00:00:10 . Memory (MB): peak = 4477.363 ; gain = 59.352 ; free physical = 57058 ; free virtual = 60047

Phase 6 Delay and Skew Optimization

Phase 6.1 Delay CleanUp
Phase 6.1 Delay CleanUp | Checksum: 3018b7244

Time (s): cpu = 00:00:12 ; elapsed = 00:00:10 . Memory (MB): peak = 4477.375 ; gain = 59.363 ; free physical = 57058 ; free virtual = 60047

Phase 6.2 Clock Skew Optimization
Phase 6.2 Clock Skew Optimization | Checksum: 3018b7244

Time (s): cpu = 00:00:12 ; elapsed = 00:00:10 . Memory (MB): peak = 4477.383 ; gain = 59.371 ; free physical = 57058 ; free virtual = 60047
Phase 6 Delay and Skew Optimization | Checksum: 3018b7244

Time (s): cpu = 00:00:12 ; elapsed = 00:00:10 . Memory (MB): peak = 4477.383 ; gain = 59.371 ; free physical = 57058 ; free virtual = 60047

Phase 7 Post Hold Fix

Phase 7.1 Hold Fix Iter
INFO: [Route 35-416] Intermediate Timing Summary | WNS=15.107 | TNS=0.000  | WHS=0.105  | THS=0.000  |

Phase 7.1 Hold Fix Iter | Checksum: 30382a69b

Time (s): cpu = 00:00:13 ; elapsed = 00:00:10 . Memory (MB): peak = 4477.422 ; gain = 59.410 ; free physical = 57058 ; free virtual = 60047
Phase 7 Post Hold Fix | Checksum: 30382a69b

Time (s): cpu = 00:00:13 ; elapsed = 00:00:10 . Memory (MB): peak = 4477.422 ; gain = 59.410 ; free physical = 57058 ; free virtual = 60047

Phase 8 Route finalize

Router Utilization Summary
  Global Vertical Routing Utilization    = 0.442239 %
  Global Horizontal Routing Utilization  = 0.47228 %
  Routable Net Status*
  *Does not include unroutable nets such as driverless and loadless.
  Run report_route_status for detailed report.
  Number of Failed Nets               = 0
    (Failed Nets is the sum of unrouted and partially routed nets)
  Number of Unrouted Nets             = 0
  Number of Partially Routed Nets     = 0
  Number of Node Overlaps             = 0

Phase 8 Route finalize | Checksum: 30382a69b

Time (s): cpu = 00:00:13 ; elapsed = 00:00:10 . Memory (MB): peak = 4477.465 ; gain = 59.453 ; free physical = 57058 ; free virtual = 60047

Phase 9 Verifying routed nets

 Verification completed successfully
Phase 9 Verifying routed nets | Checksum: 30382a69b

Time (s): cpu = 00:00:13 ; elapsed = 00:00:10 . Memory (MB): peak = 4477.480 ; gain = 59.469 ; free physical = 57058 ; free virtual = 60047

Phase 10 Depositing Routes
Phase 10 Depositing Routes | Checksum: 261b0913b

Time (s): cpu = 00:00:13 ; elapsed = 00:00:10 . Memory (MB): peak = 4477.988 ; gain = 59.977 ; free physical = 57058 ; free virtual = 60046

Phase 11 Post Process Routing
Phase 11 Post Process Routing | Checksum: 261b0913b

Time (s): cpu = 00:00:13 ; elapsed = 00:00:10 . Memory (MB): peak = 4478.066 ; gain = 60.055 ; free physical = 57058 ; free virtual = 60046

Phase 12 Post Router Timing
INFO: [Route 35-57] Estimated Timing Summary | WNS=15.107 | TNS=0.000  | WHS=0.105  | THS=0.000  |

INFO: [Route 35-327] The final timing numbers are based on the router estimated timing analysis. For a complete and accurate timing signoff, please run report_timing_summary.
Phase 12 Post Router Timing | Checksum: 261b0913b

Time (s): cpu = 00:00:13 ; elapsed = 00:00:10 . Memory (MB): peak = 4478.078 ; gain = 60.066 ; free physical = 57058 ; free virtual = 60046
Total Elapsed time in route_design: 10.2 secs

Phase 13 Post-Route Event Processing
Phase 13 Post-Route Event Processing | Checksum: 1c7cfa082

Time (s): cpu = 00:00:13 ; elapsed = 00:00:10 . Memory (MB): peak = 4478.137 ; gain = 60.125 ; free physical = 57058 ; free virtual = 60046
INFO: [Route 35-16] Router Completed Successfully
Ending Routing Task | Checksum: 1c7cfa082

Time (s): cpu = 00:00:13 ; elapsed = 00:00:10 . Memory (MB): peak = 4478.145 ; gain = 60.133 ; free physical = 57058 ; free virtual = 60046

Routing Is Done.
INFO: [Common 17-83] Releasing license: Implementation
97 Infos, 0 Warnings, 0 Critical Warnings and 0 Errors encountered.
route_design completed successfully
route_design: Time (s): cpu = 00:00:14 ; elapsed = 00:00:11 . Memory (MB): peak = 4478.293 ; gain = 60.281 ; free physical = 57058 ; free virtual = 60046
INFO: [Vivado 12-24828] Executing command : report_drc -file top_level_drc_routed.rpt -pb top_level_drc_routed.pb -rpx top_level_drc_routed.rpx
Command: report_drc -file top_level_drc_routed.rpt -pb top_level_drc_routed.pb -rpx top_level_drc_routed.rpx
INFO: [IP_Flow 19-1839] IP Catalog is up to date.
INFO: [DRC 23-27] Running DRC with 8 threads
INFO: [Vivado_Tcl 2-168] The results of DRC are in file /workspace/ov7670/ov7670_cam/ov7670_cam.runs/impl_1/top_level_drc_routed.rpt.
report_drc completed successfully
INFO: [Vivado 12-24828] Executing command : report_methodology -file top_level_methodology_drc_routed.rpt -pb top_level_methodology_drc_routed.pb -rpx top_level_methodology_drc_routed.rpx
Command: report_methodology -file top_level_methodology_drc_routed.rpt -pb top_level_methodology_drc_routed.pb -rpx top_level_methodology_drc_routed.rpx
INFO: [Timing 38-35] Done setting XDC timing constraints.
INFO: [DRC 23-133] Running Methodology with 8 threads
INFO: [Vivado_Tcl 2-1520] The results of Report Methodology are in file /workspace/ov7670/ov7670_cam/ov7670_cam.runs/impl_1/top_level_methodology_drc_routed.rpt.
report_methodology completed successfully
INFO: [Vivado 12-24828] Executing command : report_timing_summary -max_paths 10 -report_unconstrained -file top_level_timing_summary_routed.rpt -pb top_level_timing_summary_routed.pb -rpx top_level_timing_summary_routed.rpx -warn_on_violation 
INFO: [Timing 38-35] Done setting XDC timing constraints.
INFO: [Timing 38-91] UpdateTimingParams: Speed grade: -1, Delay Type: min_max.
INFO: [Timing 38-191] Multithreading enabled for timing update using a maximum of 8 CPUs
INFO: [Vivado 12-24838] Running report commands "report_bus_skew, report_incremental_reuse, report_route_status" in parallel.
Running report generation with 3 threads.
INFO: [Vivado 12-24828] Executing command : report_incremental_reuse -file top_level_incremental_reuse_routed.rpt
INFO: [Vivado_Tcl 4-1062] Incremental flow is disabled. No incremental reuse Info to report.
INFO: [Vivado 12-24828] Executing command : report_route_status -file top_level_route_status.rpt -pb top_level_route_status.pb
INFO: [Vivado 12-24828] Executing command : report_bus_skew -warn_on_violation -file top_level_bus_skew_routed.rpt -pb top_level_bus_skew_routed.pb -rpx top_level_bus_skew_routed.rpx
INFO: [Timing 38-91] UpdateTimingParams: Speed grade: -1, Delay Type: min_max.
INFO: [Timing 38-191] Multithreading enabled for timing update using a maximum of 8 CPUs
INFO: [Vivado 12-24828] Executing command : report_power -file top_level_power_routed.rpt -pb top_level_power_summary_routed.pb -rpx top_level_power_routed.rpx
Command: report_power -file top_level_power_routed.rpt -pb top_level_power_summary_routed.pb -rpx top_level_power_routed.rpx
Running Vector-less Activity Propagation...

Finished Running Vector-less Activity Propagation
117 Infos, 0 Warnings, 0 Critical Warnings and 0 Errors encountered.
report_power completed successfully
INFO: [Vivado 12-24828] Executing command : report_clock_utilization -file top_level_clock_utilization_routed.rpt
WARNING: [Device 21-9320] Failed to find the Oracle tile group with name 'HSR_BOUNDARY_TOP'. This is required for Clock regions and Virtual grid.
WARNING: [Device 21-2174] Failed to initialize Virtual grid.
Write ShapeDB Complete: Time (s): cpu = 00:00:00.01 ; elapsed = 00:00:00 . Memory (MB): peak = 4584.672 ; gain = 0.000 ; free physical = 56980 ; free virtual = 59969
INFO: [Timing 38-480] Writing timing data to binary archive.
Wrote PlaceDB: Time (s): cpu = 00:00:00.12 ; elapsed = 00:00:00.09 . Memory (MB): peak = 4584.672 ; gain = 0.000 ; free physical = 56979 ; free virtual = 59969
Wrote PulsedLatchDB: Time (s): cpu = 00:00:00 ; elapsed = 00:00:00 . Memory (MB): peak = 4584.672 ; gain = 0.000 ; free physical = 56979 ; free virtual = 59969
Writing XDEF routing.
Writing XDEF routing logical nets.
Writing XDEF routing special nets.
Wrote RouteStorage: Time (s): cpu = 00:00:00.02 ; elapsed = 00:00:00.02 . Memory (MB): peak = 4584.672 ; gain = 0.000 ; free physical = 56979 ; free virtual = 59968
Wrote Netlist Cache: Time (s): cpu = 00:00:00 ; elapsed = 00:00:00 . Memory (MB): peak = 4584.672 ; gain = 0.000 ; free physical = 56979 ; free virtual = 59968
Wrote Device Cache: Time (s): cpu = 00:00:00.01 ; elapsed = 00:00:00.01 . Memory (MB): peak = 4584.672 ; gain = 0.000 ; free physical = 56978 ; free virtual = 59968
Write Physdb Complete: Time (s): cpu = 00:00:00.15 ; elapsed = 00:00:00.12 . Memory (MB): peak = 4584.672 ; gain = 0.000 ; free physical = 56978 ; free virtual = 59968
INFO: [Common 17-1381] The checkpoint '/workspace/ov7670/ov7670_cam/ov7670_cam.runs/impl_1/top_level_routed.dcp' has been generated.
Command: write_bitstream -force top_level.bit
Attempting to get a license for feature 'Implementation' and/or device 'xc7a35t'
INFO: [Common 17-349] Got license for feature 'Implementation' and/or device 'xc7a35t'
Running DRC as a precondition to command write_bitstream
INFO: [IP_Flow 19-1839] IP Catalog is up to date.
INFO: [DRC 23-27] Running DRC with 8 threads
WARNING: [DRC CFGBVS-1] Missing CFGBVS and CONFIG_VOLTAGE Design Properties: Neither the CFGBVS nor CONFIG_VOLTAGE voltage property is set in the current_design.  Configuration bank voltage select (CFGBVS) must be set to VCCO or GND, and CONFIG_VOLTAGE must be set to the correct configuration voltage, in order to determine the I/O voltage support for the pins in bank 0.  It is suggested to specify these either using the 'Edit Device Properties' function in the GUI or directly in the XDC file using the following syntax:

 set_property CFGBVS value1 [current_design]
 #where value1 is either VCCO or GND

 set_property CONFIG_VOLTAGE value2 [current_design]
 #where value2 is the voltage provided to configuration bank 0

Refer to the device configuration user guide for more information.
INFO: [Vivado 12-3199] DRC finished with 0 Errors, 1 Warnings
INFO: [Vivado 12-3200] Please refer to the DRC report (report_drc) for more information.
INFO: [Designutils 20-2272] Running write_bitstream with 8 threads.
Loading data files...
Loading site data...
Loading route data...
Processing options...
Creating bitmap...
Creating bitstream...
Writing bitstream ./top_level.bit...
INFO: [Vivado 12-1842] Bitgen Completed Successfully.
INFO: [Project 1-1876] WebTalk data collection is mandatory when using a ULT device. To see the specific WebTalk data collected for your design, open the usage_statistics_webtalk.html or usage_statistics_webtalk.xml file in the implementation directory.
INFO: [Common 17-83] Releasing license: Implementation
129 Infos, 3 Warnings, 0 Critical Warnings and 0 Errors encountered.
write_bitstream completed successfully
write_bitstream: Time (s): cpu = 00:00:10 ; elapsed = 00:00:16 . Memory (MB): peak = 4809.465 ; gain = 224.793 ; free physical = 56697 ; free virtual = 59686
INFO: [Common 17-206] Exiting Vivado at Sat Mar 14 21:34:18 2026...
[Sat Mar 14 21:34:23 2026] impl_1 finished
wait_on_runs: Time (s): cpu = 00:00:01 ; elapsed = 00:01:09 . Memory (MB): peak = 2710.910 ; gain = 0.000 ; free physical = 59362 ; free virtual = 62351
# if { [get_property PROGRESS [get_runs impl_1]] != "100%" } { error "Impl failed" }
# set rpt_dir $proj_dir/$proj_name/${proj_name}.runs/impl_1
# puts "Bitstream: $rpt_dir/top_level.bit"
Bitstream: /workspace/ov7670/ov7670_cam/ov7670_cam.runs/impl_1/top_level.bit
# puts "Resource %: $rpt_dir/utilization.rpt (LUT/FF/DSP/BRAM)"
Resource %: /workspace/ov7670/ov7670_cam/ov7670_cam.runs/impl_1/utilization.rpt (LUT/FF/DSP/BRAM)
# exit
INFO: [Common 17-206] Exiting Vivado at Sat Mar 14 21:34:23 2026...
