#-----------------------------------------------------------
# xsim v2024.1 (64-bit)
# SW Build 5076996 on Wed May 22 18:36:09 MDT 2024
# IP Build 5075265 on Wed May 22 21:45:21 MDT 2024
# SharedData Build 5076995 on Wed May 22 18:29:18 MDT 2024
# Start of session at: Thu Mar 12 21:03:09 2026
# Process ID: 173
# Current directory: /workspace
# Command line: xsim -mode tcl -source {xsim.dir/tb_jacobi_engine_sim/xsim_script.tcl}
# Log file: /workspace/xsim.log
# Journal file: /workspace/xsim.jou
# Running On        :3015483bd026
# Platform          :unknown
# Operating System  :unknown
# Processor Detail  :VirtualApple @ 2.50GHz
# CPU Frequency     :2502.057 MHz
# CPU Physical cores:16
# CPU Logical cores :16
# Host memory       :8216 MB
# Swap memory       :1073 MB
# Total Virtual     :9290 MB
# Available Virtual :6114 MB
#-----------------------------------------------------------
source xsim.dir/tb_jacobi_engine_sim/xsim_script.tcl
# xsim {tb_jacobi_engine_sim} -autoloadwcfg -runall
Time resolution is 1 ps
run -all
TB done iter_count=1
$finish called at time : 38575 ns : File "/workspace/evd_10x10/sim/tb_jacobi_engine.v" Line 74
exit
INFO: [Common 17-206] Exiting xsim at Thu Mar 12 21:03:12 2026...
